#
# A fatal error has been detected by the Java Runtime Environment:
#
#  SIGSEGV (0xb) at pc=0x00000001058cc961, pid=16356, tid=41475
#
# JRE version: OpenJDK Runtime Environment AdoptOpenJDK (14.0.2+12) (build 14.0.2+12)
# Java VM: OpenJDK 64-Bit Server VM AdoptOpenJDK (14.0.2+12, mixed mode, sharing, tiered, compressed oops, g1 gc, bsd-amd64)
# Problematic frame:
# V  [libjvm.dylib+0x6cc961]  _ZN17SignatureIterator6expectEc+0x11
#
# No core dump will be written. Core dumps have been disabled. To enable core dumping, try "ulimit -c unlimited" before starting Java again
#
# If you would like to submit a bug report, please visit:
#   https://github.com/AdoptOpenJDK/openjdk-support/issues
#

---------------  S U M M A R Y ------------

Command Line: -XX:+ShowCodeDetailsInExceptionMessages -agentlib:jdwp=transport=dt_socket,suspend=y,address=localhost:61871 -Dcom.sun.management.jmxremote -Dcom.sun.management.jmxremote.port=61870 -Dcom.sun.management.jmxremote.authenticate=false -Dcom.sun.management.jmxremote.ssl=false -Djava.rmi.server.hostname=localhost -Dspring.jmx.enabled=true -Dspring.application.admin.enabled=true -Djava.security.egd=file:/dev/./urandom -Dtrademark.override=julb.io -XX:TieredStopAtLevel=1 -Dspring.boot.project.name=api-ping -javaagent:/Applications/Eclipse.app/Contents/Eclipse/configuration/org.eclipse.osgi/1351/0/.cp/lib/javaagent-shaded.jar -Dfile.encoding=UTF-8 me.julb.Application --logging.level.me.julb=DEBUG --server.port=9096 --spring.profiles.active=LOCAL

Host: MacBookPro15,2 x86_64 2300 MHz, 8 cores, 8G, Darwin 18.2.0
Time: Mon Mar  1 11:46:29 2021 CET elapsed time: 350 seconds (0d 0h 5m 50s)

---------------  T H R E A D  ---------------

Current thread (0x00007fe1dd82d000):  JavaThread "JDWP Transport Listener: dt_socket" daemon [_thread_in_vm, id=41475, stack(0x0000700003378000,0x0000700003478000)] _threads_hazard_ptr=0x00007fe1dd70d160

Stack: [0x0000700003378000,0x0000700003478000],  sp=0x0000700003476ed0,  free space=1019k
Native frames: (J=compiled Java code, A=aot compiled Java code, j=interpreted, Vv=VM code, C=native code)
V  [libjvm.dylib+0x6cc961]  _ZN17SignatureIterator6expectEc+0x11
V  [libjvm.dylib+0x6cce4a]  _ZN17SignatureIterator18iterate_returntypeEv+0x22
V  [libjvm.dylib+0x304367]  _ZN14GenerateOopMap9do_methodEiiii+0x77
V  [libjvm.dylib+0x302889]  _ZN14GenerateOopMap9interp_bbEP10BasicBlock+0xdb
V  [libjvm.dylib+0x30257a]  _ZN14GenerateOopMap10interp_allEv+0x3c
V  [libjvm.dylib+0x302227]  _ZN14GenerateOopMap17do_interpretationEv+0x4b
V  [libjvm.dylib+0x304b24]  _ZN14GenerateOopMap11compute_mapEP6Thread+0x164
V  [libjvm.dylib+0x5ee513]  _ZN19OopMapForCacheEntry11compute_mapEP6Thread+0x51
V  [libjvm.dylib+0x5eecf8]  _ZN16OopMapCacheEntry4fillERK12methodHandlei+0xac
V  [libjvm.dylib+0x5ef613]  _ZN11OopMapCache19compute_one_oop_mapERK12methodHandleiP17InterpreterOopMap+0x5d
V  [libjvm.dylib+0x5b551c]  _ZN6Method8mask_forEiP17InterpreterOopMap+0x7e
V  [libjvm.dylib+0x79c344]  _ZNK17interpretedVFrame10stack_dataEb+0x48
V  [libjvm.dylib+0x4c3355]  _ZN16VM_GetOrSetLocal22check_slot_type_no_lvtEP10javaVFrame+0x4d
V  [libjvm.dylib+0x4c3442]  _ZN16VM_GetOrSetLocal13doit_prologueEv+0x8e
V  [libjvm.dylib+0x7afe55]  _ZN8VMThread7executeEP12VM_Operation+0x12d
V  [libjvm.dylib+0x4afb0a]  _ZN8JvmtiEnv14GetLocalObjectEP10JavaThreadiiPP8_jobject+0x54
V  [libjvm.dylib+0x471772]  _ZL20jvmti_GetLocalObjectP9_jvmtiEnvP8_jobjectiiPS2_+0x14d
C  [libjdwp.dylib+0x7247]  thisObject+0x1a7
C  [libjdwp.dylib+0xe748]  debugLoop_run+0x1d7
C  [libjdwp.dylib+0x1f973]  attachThread+0x54
V  [libjvm.dylib+0x4c1f66]  _ZN16JvmtiAgentThread19call_start_functionEv+0x38
V  [libjvm.dylib+0x750f2e]  _ZN10JavaThread17thread_main_innerEv+0x86
V  [libjvm.dylib+0x750d6c]  _ZN10JavaThread3runEv+0x118
V  [libjvm.dylib+0x74ebb5]  _ZN6Thread8call_runEv+0x71
V  [libjvm.dylib+0x5f7590]  _ZL19thread_native_entryP6Thread+0x129
C  [libsystem_pthread.dylib+0x3305]  _pthread_body+0x7e
C  [libsystem_pthread.dylib+0x626f]  _pthread_start+0x46
C  [libsystem_pthread.dylib+0x2415]  thread_start+0xd


siginfo: si_signo: 11 (SIGSEGV), si_code: 1 (SEGV_MAPERR), si_addr: 0x0000000000000006

Register to memory mapping:

RAX=0x0 is NULL
RBX=0x0000700003476f30 is pointing into the stack for thread: 0x00007fe1dd82d000
RCX=0x0 is NULL
RDX=0x0 is NULL
RSP=0x0000700003476ed0 is pointing into the stack for thread: 0x00007fe1dd82d000
RBP=0x0000700003476ee0 is pointing into the stack for thread: 0x00007fe1dd82d000
RSI=0x0000000000000028 is an unknown value
RDI=0x0000700003476f30 is pointing into the stack for thread: 0x00007fe1dd82d000
R8 =0x0000000000000036 is an unknown value
R9 =0x000000008fffffff is an unknown value
R10=0x000000008a000000 is an unknown value
R11=0xffffffffffffff5c is an unknown value
R12=0x0000700003476f30 is pointing into the stack for thread: 0x00007fe1dd82d000
R13=0x0000700003477570 is pointing into the stack for thread: 0x00007fe1dd82d000
R14=0x0000000000000001 is an unknown value
R15=0x0000700003476f30 is pointing into the stack for thread: 0x00007fe1dd82d000


Registers:
RAX=0x0000000000000000, RBX=0x0000700003476f30, RCX=0x0000000000000000, RDX=0x0000000000000000
RSP=0x0000700003476ed0, RBP=0x0000700003476ee0, RSI=0x0000000000000028, RDI=0x0000700003476f30
R8 =0x0000000000000036, R9 =0x000000008fffffff, R10=0x000000008a000000, R11=0xffffffffffffff5c
R12=0x0000700003476f30, R13=0x0000700003477570, R14=0x0000000000000001, R15=0x0000700003476f30
RIP=0x00000001058cc961, EFLAGS=0x0000000000010206, ERR=0x0000000000000004
  TRAPNO=0x000000000000000e

Top of Stack: (sp=0x0000700003476ed0)
0x0000700003476ed0:   0000000105b52d50 0000700003477370
0x0000700003476ee0:   0000700003476f20 00000001058cce4a
0x0000700003476ef0:   0000000105b52d50 0000700003477370
0x0000700003476f00:   0000700003476f30 0000700003477570
0x0000700003476f10:   0000000000000001 0000000000000036
0x0000700003476f20:   00007000034773b0 0000000105504367
0x0000700003476f30:   0000000105b52d50 0000000000000000
0x0000700003476f40:   0000000000000000 000000000000000c
0x0000700003476f50:   0000700003477370 0000000000000000
0x0000700003476f60:   000000004fffffff 0000000000000000
0x0000700003476f70:   0000000000000000 0000000000000000
0x0000700003476f80:   0000000000000000 0000000000000000
0x0000700003476f90:   0000000000000000 0000000000000000
0x0000700003476fa0:   0000000000000000 0000000000000000
0x0000700003476fb0:   0000000000000000 0000000000000000
0x0000700003476fc0:   0000000000000000 0000000000000000
0x0000700003476fd0:   0000000000000000 0000000000000000
0x0000700003476fe0:   0000000000000000 0000000000000000
0x0000700003476ff0:   0000000000000000 0000000000000000
0x0000700003477000:   0000000000000000 0000000000000000
0x0000700003477010:   0000000000000000 0000000000000000
0x0000700003477020:   0000000000000000 0000000000000000
0x0000700003477030:   0000000000000000 0000000000000000
0x0000700003477040:   0000000000000000 0000000000000000
0x0000700003477050:   0000000000000000 0000000000000000
0x0000700003477060:   0000000000000000 0000000000000000
0x0000700003477070:   0000000000000000 0000000000000000
0x0000700003477080:   0000000000000000 0000000000000000
0x0000700003477090:   0000000000000000 0000000000000000
0x00007000034770a0:   0000000000000000 0000000000000000
0x00007000034770b0:   0000000000000000 0000000000000000
0x00007000034770c0:   0000000000000000 0000000000000000 

Instructions: (pc=0x00000001058cc961)
0x00000001058cc861:   48 89 e5 8b 05 f6 c1 31 00 85 c0 48 8d 0d 5d 77
0x00000001058cc871:   30 00 8b 39 89 fe 0f 45 f0 48 8d 05 4b 11 33 00
0x00000001058cc881:   48 63 10 e8 73 2d 10 00 89 05 d1 c1 31 00 5d c3
0x00000001058cc891:   90 55 48 89 e5 8b 05 c8 c1 31 00 85 c0 48 8d 0d
0x00000001058cc8a1:   23 77 30 00 8b 39 89 fe 0f 45 f0 48 8d 05 19 11
0x00000001058cc8b1:   33 00 48 63 10 e8 d1 2c 10 00 89 05 a3 c1 31 00
0x00000001058cc8c1:   5d c3 90 55 48 89 e5 b8 01 00 00 00 5d c3 90 55
0x00000001058cc8d1:   48 89 e5 8b 05 8e c1 31 00 85 c0 48 8d 0d ed 76
0x00000001058cc8e1:   30 00 8b 39 89 fe 0f 45 f0 48 8d 05 db 10 33 00
0x00000001058cc8f1:   48 63 10 e8 03 2d 10 00 89 05 69 c1 31 00 5d c3
0x00000001058cc901:   90 55 48 89 e5 8b 05 60 c1 31 00 85 c0 48 8d 0d
0x00000001058cc911:   bb 76 30 00 8b 39 89 fe 0f 45 f0 48 8d 05 a9 10
0x00000001058cc921:   33 00 48 63 10 e8 d1 2c 10 00 89 05 3b c1 31 00
0x00000001058cc931:   5d c3 90 55 48 89 e5 48 8d 05 c1 bc 29 00 48 89
0x00000001058cc941:   07 48 89 77 08 c7 47 14 00 00 00 00 5d c3 90 55
0x00000001058cc951:   48 89 e5 53 50 48 89 fb 48 8b 4f 08 48 63 47 10
0x00000001058cc961:   40 38 74 01 06 74 26 40 0f be ce 48 8d 3d 47 65
0x00000001058cc971:   19 00 48 8d 15 6a 65 19 00 be 36 00 00 00 31 c0
0x00000001058cc981:   e8 6d ae b4 ff e8 3b a7 f2 ff 8b 43 10 ff c0 89
0x00000001058cc991:   43 10 48 83 c4 08 5b 5d c3 55 48 89 e5 41 57 41
0x00000001058cc9a1:   56 53 50 48 8b 4f 08 48 63 77 10 0f be 44 31 06
0x00000001058cc9b1:   83 c0 be 83 f8 19 77 77 49 89 fe 4c 8d 7f 10 48
0x00000001058cc9c1:   8d 15 f1 01 00 00 48 63 04 82 48 01 d0 ff e0 49
0x00000001058cc9d1:   8b 06 4c 89 f7 ff 50 20 41 83 7e 14 00 0f 89 60
0x00000001058cc9e1:   01 00 00 41 c7 46 18 08 00 00 00 e9 53 01 00 00
0x00000001058cc9f1:   49 8b 06 4c 89 f7 ff 50 08 41 83 7e 14 00 0f 89
0x00000001058cca01:   3f 01 00 00 41 c7 46 18 05 00 00 00 e9 32 01 00
0x00000001058cca11:   00 49 8b 06 4c 89 f7 ff 50 18 41 83 7e 14 00 0f
0x00000001058cca21:   89 84 00 00 00 41 c7 46 18 07 00 00 00 eb 7a 48
0x00000001058cca31:   8d 3d 83 64 19 00 be 6e 00 00 00 e8 8d af b4 ff
0x00000001058cca41:   e8 80 a6 f2 ff b8 ff ff ff ff e9 fc 00 00 00 49
0x00000001058cca51:   8b 06 4c 89 f7 ff 50 10 41 83 7e 14 00 0f 89 e0 


Stack slot to memory mapping:
stack at sp + 0 slots: 0x0000000105b52d50: _ZTV16ComputeCallStack+0x10 in /Library/Java/JavaVirtualMachines/adoptopenjdk-14.jdk/Contents/Home/lib/server/libjvm.dylib at 0x0000000105200000
stack at sp + 1 slots: 0x0000700003477370 is pointing into the stack for thread: 0x00007fe1dd82d000
stack at sp + 2 slots: 0x0000700003476f20 is pointing into the stack for thread: 0x00007fe1dd82d000
stack at sp + 3 slots: 0x00000001058cce4a: _ZN17SignatureIterator18iterate_returntypeEv+0x22 in /Library/Java/JavaVirtualMachines/adoptopenjdk-14.jdk/Contents/Home/lib/server/libjvm.dylib at 0x0000000105200000
stack at sp + 4 slots: 0x0000000105b52d50: _ZTV16ComputeCallStack+0x10 in /Library/Java/JavaVirtualMachines/adoptopenjdk-14.jdk/Contents/Home/lib/server/libjvm.dylib at 0x0000000105200000
stack at sp + 5 slots: 0x0000700003477370 is pointing into the stack for thread: 0x00007fe1dd82d000
stack at sp + 6 slots: 0x0000700003476f30 is pointing into the stack for thread: 0x00007fe1dd82d000
stack at sp + 7 slots: 0x0000700003477570 is pointing into the stack for thread: 0x00007fe1dd82d000


---------------  P R O C E S S  ---------------

Threads class SMR info:
_java_thread_list=0x00007fe1dd70d160, length=22, elements={
0x00007fe1de803800, 0x00007fe1e001b800, 0x00007fe1de01b800, 0x00007fe1dd883000,
0x00007fe1de815000, 0x00007fe1de802800, 0x00007fe1de819800, 0x00007fe1de01d000,
0x00007fe1dd82d000, 0x00007fe1dd8dc000, 0x00007fe1de83e800, 0x00007fe1e014b800,
0x00007fe1e1812000, 0x00007fe1de97e800, 0x00007fe1dd831800, 0x00007fe1de0c2000,
0x00007fe1de114800, 0x00007fe1de115800, 0x00007fe1de11d800, 0x00007fe1e0155800,
0x00007fe1e0156800, 0x00007fe1de296800
}

Java Threads: ( => current thread )
  0x00007fe1de803800 JavaThread "main" [_thread_blocked, id=8963, stack(0x000070000254e000,0x000070000264e000)]
  0x00007fe1e001b800 JavaThread "Reference Handler" daemon [_thread_blocked, id=13827, stack(0x0000700002c63000,0x0000700002d63000)]
  0x00007fe1de01b800 JavaThread "Finalizer" daemon [_thread_blocked, id=14339, stack(0x0000700002d66000,0x0000700002e66000)]
  0x00007fe1dd883000 JavaThread "Signal Dispatcher" daemon [_thread_blocked, id=43011, stack(0x0000700002e69000,0x0000700002f69000)]
  0x00007fe1de815000 JavaThread "Service Thread" daemon [_thread_blocked, id=22275, stack(0x0000700002f6c000,0x000070000306c000)]
  0x00007fe1de802800 JavaThread "C1 CompilerThread0" daemon [_thread_blocked, id=41987, stack(0x000070000306f000,0x000070000316f000)]
  0x00007fe1de819800 JavaThread "Sweeper thread" daemon [_thread_blocked, id=23299, stack(0x0000700003172000,0x0000700003272000)]
  0x00007fe1de01d000 JavaThread "Common-Cleaner" daemon [_thread_blocked, id=24067, stack(0x0000700003275000,0x0000700003375000)]
=>0x00007fe1dd82d000 JavaThread "JDWP Transport Listener: dt_socket" daemon [_thread_in_vm, id=41475, stack(0x0000700003378000,0x0000700003478000)]
  0x00007fe1dd8dc000 JavaThread "JDWP Event Helper Thread" daemon [_thread_blocked, id=24835, stack(0x000070000347b000,0x000070000357b000)]
  0x00007fe1de83e800 JavaThread "JDWP Command Reader" daemon [_thread_in_native, id=40707, stack(0x000070000357e000,0x000070000367e000)]
  0x00007fe1e014b800 JavaThread "Notification Thread" daemon [_thread_blocked, id=25603, stack(0x0000700003681000,0x0000700003781000)]
  0x00007fe1e1812000 JavaThread "Attach Listener" daemon [_thread_blocked, id=26371, stack(0x0000700003784000,0x0000700003884000)]
  0x00007fe1de97e800 JavaThread "RMI TCP Accept-0" daemon [_thread_in_native, id=27395, stack(0x0000700003a8d000,0x0000700003b8d000)]
  0x00007fe1dd831800 JavaThread "RMI TCP Accept-0" daemon [_thread_in_native, id=39171, stack(0x0000700003b90000,0x0000700003c90000)]
  0x00007fe1de0c2000 JavaThread "RMI TCP Accept-61870" daemon [_thread_in_native, id=27907, stack(0x0000700003c93000,0x0000700003d93000)]
  0x00007fe1de114800 JavaThread "RMI Scheduler(0)" daemon [_thread_blocked, id=37891, stack(0x0000700003f9c000,0x000070000409c000)]
  0x00007fe1de115800 JavaThread "RMI TCP Connection(3)-127.0.0.1" daemon [_thread_in_native, id=36611, stack(0x00007000042a5000,0x00007000043a5000)]
  0x00007fe1de11d800 JavaThread "JMX server connection timeout 26" daemon [_thread_blocked, id=36099, stack(0x00007000043a8000,0x00007000044a8000)]
  0x00007fe1e0155800 JavaThread "Catalina-utility-1" [_thread_blocked, id=31495, stack(0x00007000044ab000,0x00007000045ab000)]
  0x00007fe1e0156800 JavaThread "Catalina-utility-2" [_thread_blocked, id=30987, stack(0x00007000047b4000,0x00007000048b4000)]
  0x00007fe1de296800 JavaThread "container-0" [_thread_blocked, id=33795, stack(0x0000700004abd000,0x0000700004bbd000)]

Other Threads:
  0x00007fe1e001b000 VMThread "VM Thread" [stack: 0x0000700002b60000,0x0000700002c60000] [id=17155]
  0x00007fe1de916800 WatcherThread [stack: 0x0000700003d96000,0x0000700003e96000] [id=28419]
  0x00007fe1dd868800 GCTaskThread "GC Thread#0" [stack: 0x0000700002651000,0x0000700002751000] [id=12547]
  0x00007fe1de980000 GCTaskThread "GC Thread#1" [stack: 0x0000700003887000,0x0000700003987000] [id=26627]
  0x00007fe1de980800 GCTaskThread "GC Thread#2" [stack: 0x000070000398a000,0x0000700003a8a000] [id=39939]
  0x00007fe1de1db000 GCTaskThread "GC Thread#3" [stack: 0x00007000045ae000,0x00007000046ae000] [id=35331]
  0x00007fe1ddf95000 GCTaskThread "GC Thread#4" [stack: 0x00007000048b7000,0x00007000049b7000] [id=31747]
  0x00007fe1e02fd000 GCTaskThread "GC Thread#5" [stack: 0x00007000049ba000,0x0000700004aba000] [id=32003]
  0x00007fe1e082a800 GCTaskThread "GC Thread#6" [stack: 0x0000700004bc0000,0x0000700004cc0000] [id=32771]
  0x00007fe1e219f000 GCTaskThread "GC Thread#7" [stack: 0x0000700004cc3000,0x0000700004dc3000] [id=33283]
  0x00007fe1dd879800 ConcurrentGCThread "G1 Main Marker" [stack: 0x0000700002754000,0x0000700002854000] [id=18947]
  0x00007fe1dd87a000 ConcurrentGCThread "G1 Conc#0" [stack: 0x0000700002857000,0x0000700002957000] [id=13059]
  0x00007fe1de155000 ConcurrentGCThread "G1 Conc#1" [stack: 0x00007000046b1000,0x00007000047b1000] [id=34819]
  0x00007fe1df860000 ConcurrentGCThread "G1 Refine#0" [stack: 0x000070000295a000,0x0000700002a5a000] [id=17923]
  0x00007fe1e0000000 ConcurrentGCThread "G1 Young RemSet Sampling" [stack: 0x0000700002a5d000,0x0000700002b5d000] [id=13571]

Threads with active compile tasks:

VM state:not at safepoint (normal execution)

VM Mutex/Monitor currently owned by a thread: None

Heap address: 0x0000000780000000, size: 2048 MB, Compressed Oops mode: Zero based, Oop shift amount: 3
Narrow klass base: 0x0000000800000000, Narrow klass shift: 3
Compressed class space size: 1073741824 Address: 0x0000000800b1a000

Heap:
 garbage-first heap   total 159744K, used 51778K [0x0000000780000000, 0x0000000800000000)
  region size 1024K, 30 young (30720K), 7 survivors (7168K)
 Metaspace       used 41750K, capacity 43198K, committed 43440K, reserved 1087488K
  class space    used 5837K, capacity 6347K, committed 6400K, reserved 1048576K
Heap Regions: E=young(eden), S=young(survivor), O=old, HS=humongous(starts), HC=humongous(continues), CS=collection set, F=free, OA=open archive, CA=closed archive, TAMS=top-at-mark-start (previous, next)
|   0|0x0000000780000000, 0x0000000780100000, 0x0000000780100000|100%| O|  |TAMS 0x0000000780100000, 0x0000000780000000| Untracked 
|   1|0x0000000780100000, 0x0000000780200000, 0x0000000780200000|100%| O|  |TAMS 0x0000000780200000, 0x0000000780100000| Untracked 
|   2|0x0000000780200000, 0x0000000780300000, 0x0000000780300000|100%| O|  |TAMS 0x0000000780300000, 0x0000000780200000| Untracked 
|   3|0x0000000780300000, 0x0000000780400000, 0x0000000780400000|100%| O|  |TAMS 0x0000000780400000, 0x0000000780300000| Untracked 
|   4|0x0000000780400000, 0x0000000780500000, 0x0000000780500000|100%| O|  |TAMS 0x0000000780500000, 0x0000000780400000| Untracked 
|   5|0x0000000780500000, 0x0000000780600000, 0x0000000780600000|100%| O|  |TAMS 0x0000000780600000, 0x0000000780500000| Untracked 
|   6|0x0000000780600000, 0x0000000780700000, 0x0000000780700000|100%| O|  |TAMS 0x0000000780700000, 0x0000000780600000| Untracked 
|   7|0x0000000780700000, 0x0000000780800000, 0x0000000780800000|100%| O|  |TAMS 0x0000000780800000, 0x0000000780700000| Untracked 
|   8|0x0000000780800000, 0x0000000780826600, 0x0000000780900000| 14%| O|  |TAMS 0x0000000780826600, 0x0000000780800000| Untracked 
|   9|0x0000000780900000, 0x0000000780a00000, 0x0000000780a00000|100%| O|  |TAMS 0x0000000780a00000, 0x0000000780900000| Untracked 
|  10|0x0000000780a00000, 0x0000000780b00000, 0x0000000780b00000|100%| O|  |TAMS 0x0000000780b00000, 0x0000000780a00000| Untracked 
|  11|0x0000000780b00000, 0x0000000780c00000, 0x0000000780c00000|100%| O|  |TAMS 0x0000000780c00000, 0x0000000780b00000| Untracked 
|  12|0x0000000780c00000, 0x0000000780d00000, 0x0000000780d00000|100%| O|  |TAMS 0x0000000780d00000, 0x0000000780c00000| Untracked 
|  13|0x0000000780d00000, 0x0000000780e00000, 0x0000000780e00000|100%| O|  |TAMS 0x0000000780e00000, 0x0000000780d00000| Untracked 
|  14|0x0000000780e00000, 0x0000000780f00000, 0x0000000780f00000|100%| O|  |TAMS 0x0000000780f00000, 0x0000000780e00000| Untracked 
|  15|0x0000000780f00000, 0x0000000781000000, 0x0000000781000000|100%| O|  |TAMS 0x0000000780f69000, 0x0000000780f00000| Untracked 
|  16|0x0000000781000000, 0x00000007810f7a00, 0x0000000781100000| 96%| O|  |TAMS 0x0000000781000000, 0x0000000781000000| Untracked 
|  17|0x0000000781100000, 0x0000000781200000, 0x0000000781200000|100%| O|  |TAMS 0x0000000781100000, 0x0000000781100000| Untracked 
|  18|0x0000000781200000, 0x0000000781300000, 0x0000000781300000|100%| O|  |TAMS 0x0000000781200000, 0x0000000781200000| Untracked 
|  19|0x0000000781300000, 0x0000000781400000, 0x0000000781400000|100%| O|  |TAMS 0x0000000781300000, 0x0000000781300000| Untracked 
|  20|0x0000000781400000, 0x0000000781500000, 0x0000000781500000|100%| O|  |TAMS 0x0000000781400000, 0x0000000781400000| Untracked 
|  21|0x0000000781500000, 0x0000000781567400, 0x0000000781600000| 40%| O|  |TAMS 0x0000000781500000, 0x0000000781500000| Untracked 
|  22|0x0000000781600000, 0x0000000781600000, 0x0000000781700000|  0%| F|  |TAMS 0x0000000781600000, 0x0000000781600000| Untracked 
|  23|0x0000000781700000, 0x0000000781700000, 0x0000000781800000|  0%| F|  |TAMS 0x0000000781700000, 0x0000000781700000| Untracked 
|  24|0x0000000781800000, 0x0000000781800000, 0x0000000781900000|  0%| F|  |TAMS 0x0000000781800000, 0x0000000781800000| Untracked 
|  25|0x0000000781900000, 0x0000000781a00000, 0x0000000781a00000|100%| O|  |TAMS 0x0000000781900000, 0x0000000781900000| Untracked 
|  26|0x0000000781a00000, 0x0000000781a00000, 0x0000000781b00000|  0%| F|  |TAMS 0x0000000781a00000, 0x0000000781a00000| Untracked 
|  27|0x0000000781b00000, 0x0000000781b00000, 0x0000000781c00000|  0%| F|  |TAMS 0x0000000781b00000, 0x0000000781b00000| Untracked 
|  28|0x0000000781c00000, 0x0000000781c00000, 0x0000000781d00000|  0%| F|  |TAMS 0x0000000781c00000, 0x0000000781c00000| Untracked 
|  29|0x0000000781d00000, 0x0000000781d00000, 0x0000000781e00000|  0%| F|  |TAMS 0x0000000781d00000, 0x0000000781d00000| Untracked 
|  30|0x0000000781e00000, 0x0000000781e00000, 0x0000000781f00000|  0%| F|  |TAMS 0x0000000781e00000, 0x0000000781e00000| Untracked 
|  31|0x0000000781f00000, 0x0000000781f00000, 0x0000000782000000|  0%| F|  |TAMS 0x0000000781f00000, 0x0000000781f00000| Untracked 
|  32|0x0000000782000000, 0x0000000782000000, 0x0000000782100000|  0%| F|  |TAMS 0x0000000782000000, 0x0000000782000000| Untracked 
|  33|0x0000000782100000, 0x0000000782100000, 0x0000000782200000|  0%| F|  |TAMS 0x0000000782100000, 0x0000000782100000| Untracked 
|  34|0x0000000782200000, 0x0000000782200000, 0x0000000782300000|  0%| F|  |TAMS 0x0000000782200000, 0x0000000782200000| Untracked 
|  35|0x0000000782300000, 0x0000000782300000, 0x0000000782400000|  0%| F|  |TAMS 0x0000000782300000, 0x0000000782300000| Untracked 
|  36|0x0000000782400000, 0x0000000782400000, 0x0000000782500000|  0%| F|  |TAMS 0x0000000782400000, 0x0000000782400000| Untracked 
|  37|0x0000000782500000, 0x0000000782500000, 0x0000000782600000|  0%| F|  |TAMS 0x0000000782500000, 0x0000000782500000| Untracked 
|  38|0x0000000782600000, 0x0000000782600000, 0x0000000782700000|  0%| F|  |TAMS 0x0000000782600000, 0x0000000782600000| Untracked 
|  39|0x0000000782700000, 0x0000000782700000, 0x0000000782800000|  0%| F|  |TAMS 0x0000000782700000, 0x0000000782700000| Untracked 
|  40|0x0000000782800000, 0x0000000782800000, 0x0000000782900000|  0%| F|  |TAMS 0x0000000782800000, 0x0000000782800000| Untracked 
|  41|0x0000000782900000, 0x0000000782900000, 0x0000000782a00000|  0%| F|  |TAMS 0x0000000782900000, 0x0000000782900000| Untracked 
|  42|0x0000000782a00000, 0x0000000782a00000, 0x0000000782b00000|  0%| F|  |TAMS 0x0000000782a00000, 0x0000000782a00000| Untracked 
|  43|0x0000000782b00000, 0x0000000782b00000, 0x0000000782c00000|  0%| F|  |TAMS 0x0000000782b00000, 0x0000000782b00000| Untracked 
|  44|0x0000000782c00000, 0x0000000782c00000, 0x0000000782d00000|  0%| F|  |TAMS 0x0000000782c00000, 0x0000000782c00000| Untracked 
|  45|0x0000000782d00000, 0x0000000782d00000, 0x0000000782e00000|  0%| F|  |TAMS 0x0000000782d00000, 0x0000000782d00000| Untracked 
|  46|0x0000000782e00000, 0x0000000782e00000, 0x0000000782f00000|  0%| F|  |TAMS 0x0000000782e00000, 0x0000000782e00000| Untracked 
|  47|0x0000000782f00000, 0x0000000782f00000, 0x0000000783000000|  0%| F|  |TAMS 0x0000000782f00000, 0x0000000782f00000| Untracked 
|  48|0x0000000783000000, 0x0000000783000000, 0x0000000783100000|  0%| F|  |TAMS 0x0000000783000000, 0x0000000783000000| Untracked 
|  49|0x0000000783100000, 0x0000000783100000, 0x0000000783200000|  0%| F|  |TAMS 0x0000000783100000, 0x0000000783100000| Untracked 
|  50|0x0000000783200000, 0x0000000783200000, 0x0000000783300000|  0%| F|  |TAMS 0x0000000783200000, 0x0000000783200000| Untracked 
|  51|0x0000000783300000, 0x0000000783300000, 0x0000000783400000|  0%| F|  |TAMS 0x0000000783300000, 0x0000000783300000| Untracked 
|  52|0x0000000783400000, 0x0000000783400000, 0x0000000783500000|  0%| F|  |TAMS 0x0000000783400000, 0x0000000783400000| Untracked 
|  53|0x0000000783500000, 0x0000000783500000, 0x0000000783600000|  0%| F|  |TAMS 0x0000000783500000, 0x0000000783500000| Untracked 
|  54|0x0000000783600000, 0x0000000783600000, 0x0000000783700000|  0%| F|  |TAMS 0x0000000783600000, 0x0000000783600000| Untracked 
|  55|0x0000000783700000, 0x0000000783700000, 0x0000000783800000|  0%| F|  |TAMS 0x0000000783700000, 0x0000000783700000| Untracked 
|  56|0x0000000783800000, 0x0000000783800000, 0x0000000783900000|  0%| F|  |TAMS 0x0000000783800000, 0x0000000783800000| Untracked 
|  57|0x0000000783900000, 0x0000000783900000, 0x0000000783a00000|  0%| F|  |TAMS 0x0000000783900000, 0x0000000783900000| Untracked 
|  58|0x0000000783a00000, 0x0000000783a00000, 0x0000000783b00000|  0%| F|  |TAMS 0x0000000783a00000, 0x0000000783a00000| Untracked 
|  59|0x0000000783b00000, 0x0000000783b00000, 0x0000000783c00000|  0%| F|  |TAMS 0x0000000783b00000, 0x0000000783b00000| Untracked 
|  60|0x0000000783c00000, 0x0000000783c3d7f0, 0x0000000783d00000| 24%| S|CS|TAMS 0x0000000783c00000, 0x0000000783c00000| Complete 
|  61|0x0000000783d00000, 0x0000000783e00000, 0x0000000783e00000|100%| S|CS|TAMS 0x0000000783d00000, 0x0000000783d00000| Complete 
|  62|0x0000000783e00000, 0x0000000783f00000, 0x0000000783f00000|100%| S|CS|TAMS 0x0000000783e00000, 0x0000000783e00000| Complete 
|  63|0x0000000783f00000, 0x0000000784000000, 0x0000000784000000|100%| S|CS|TAMS 0x0000000783f00000, 0x0000000783f00000| Complete 
|  64|0x0000000784000000, 0x0000000784100000, 0x0000000784100000|100%| S|CS|TAMS 0x0000000784000000, 0x0000000784000000| Complete 
|  65|0x0000000784100000, 0x0000000784200000, 0x0000000784200000|100%| S|CS|TAMS 0x0000000784100000, 0x0000000784100000| Complete 
|  66|0x0000000784200000, 0x0000000784300000, 0x0000000784300000|100%| S|CS|TAMS 0x0000000784200000, 0x0000000784200000| Complete 
|  67|0x0000000784300000, 0x0000000784300000, 0x0000000784400000|  0%| F|  |TAMS 0x0000000784300000, 0x0000000784300000| Untracked 
|  68|0x0000000784400000, 0x0000000784400000, 0x0000000784500000|  0%| F|  |TAMS 0x0000000784400000, 0x0000000784400000| Untracked 
|  69|0x0000000784500000, 0x0000000784500000, 0x0000000784600000|  0%| F|  |TAMS 0x0000000784500000, 0x0000000784500000| Untracked 
|  70|0x0000000784600000, 0x0000000784600000, 0x0000000784700000|  0%| F|  |TAMS 0x0000000784600000, 0x0000000784600000| Untracked 
|  71|0x0000000784700000, 0x0000000784700000, 0x0000000784800000|  0%| F|  |TAMS 0x0000000784700000, 0x0000000784700000| Untracked 
|  72|0x0000000784800000, 0x0000000784800000, 0x0000000784900000|  0%| F|  |TAMS 0x0000000784800000, 0x0000000784800000| Untracked 
|  73|0x0000000784900000, 0x0000000784900000, 0x0000000784a00000|  0%| F|  |TAMS 0x0000000784900000, 0x0000000784900000| Untracked 
|  74|0x0000000784a00000, 0x0000000784a00000, 0x0000000784b00000|  0%| F|  |TAMS 0x0000000784a00000, 0x0000000784a00000| Untracked 
|  75|0x0000000784b00000, 0x0000000784b00000, 0x0000000784c00000|  0%| F|  |TAMS 0x0000000784b00000, 0x0000000784b00000| Untracked 
|  76|0x0000000784c00000, 0x0000000784c00000, 0x0000000784d00000|  0%| F|  |TAMS 0x0000000784c00000, 0x0000000784c00000| Untracked 
|  77|0x0000000784d00000, 0x0000000784d00000, 0x0000000784e00000|  0%| F|  |TAMS 0x0000000784d00000, 0x0000000784d00000| Untracked 
|  78|0x0000000784e00000, 0x0000000784e00000, 0x0000000784f00000|  0%| F|  |TAMS 0x0000000784e00000, 0x0000000784e00000| Untracked 
|  79|0x0000000784f00000, 0x0000000784f00000, 0x0000000785000000|  0%| F|  |TAMS 0x0000000784f00000, 0x0000000784f00000| Untracked 
|  80|0x0000000785000000, 0x0000000785000000, 0x0000000785100000|  0%| F|  |TAMS 0x0000000785000000, 0x0000000785000000| Untracked 
|  81|0x0000000785100000, 0x0000000785100000, 0x0000000785200000|  0%| F|  |TAMS 0x0000000785100000, 0x0000000785100000| Untracked 
|  82|0x0000000785200000, 0x0000000785200000, 0x0000000785300000|  0%| F|  |TAMS 0x0000000785200000, 0x0000000785200000| Untracked 
|  83|0x0000000785300000, 0x0000000785300000, 0x0000000785400000|  0%| F|  |TAMS 0x0000000785300000, 0x0000000785300000| Untracked 
|  84|0x0000000785400000, 0x0000000785400000, 0x0000000785500000|  0%| F|  |TAMS 0x0000000785400000, 0x0000000785400000| Untracked 
|  85|0x0000000785500000, 0x0000000785500000, 0x0000000785600000|  0%| F|  |TAMS 0x0000000785500000, 0x0000000785500000| Untracked 
|  86|0x0000000785600000, 0x0000000785600000, 0x0000000785700000|  0%| F|  |TAMS 0x0000000785600000, 0x0000000785600000| Untracked 
|  87|0x0000000785700000, 0x0000000785700000, 0x0000000785800000|  0%| F|  |TAMS 0x0000000785700000, 0x0000000785700000| Untracked 
|  88|0x0000000785800000, 0x0000000785800000, 0x0000000785900000|  0%| F|  |TAMS 0x0000000785800000, 0x0000000785800000| Untracked 
|  89|0x0000000785900000, 0x0000000785900000, 0x0000000785a00000|  0%| F|  |TAMS 0x0000000785900000, 0x0000000785900000| Untracked 
|  90|0x0000000785a00000, 0x0000000785a00000, 0x0000000785b00000|  0%| F|  |TAMS 0x0000000785a00000, 0x0000000785a00000| Untracked 
|  91|0x0000000785b00000, 0x0000000785b00000, 0x0000000785c00000|  0%| F|  |TAMS 0x0000000785b00000, 0x0000000785b00000| Untracked 
|  92|0x0000000785c00000, 0x0000000785c00000, 0x0000000785d00000|  0%| F|  |TAMS 0x0000000785c00000, 0x0000000785c00000| Untracked 
|  93|0x0000000785d00000, 0x0000000785d00000, 0x0000000785e00000|  0%| F|  |TAMS 0x0000000785d00000, 0x0000000785d00000| Untracked 
|  94|0x0000000785e00000, 0x0000000785e00000, 0x0000000785f00000|  0%| F|  |TAMS 0x0000000785e00000, 0x0000000785e00000| Untracked 
|  95|0x0000000785f00000, 0x0000000785f00000, 0x0000000786000000|  0%| F|  |TAMS 0x0000000785f00000, 0x0000000785f00000| Untracked 
|  96|0x0000000786000000, 0x0000000786000000, 0x0000000786100000|  0%| F|  |TAMS 0x0000000786000000, 0x0000000786000000| Untracked 
|  97|0x0000000786100000, 0x0000000786100000, 0x0000000786200000|  0%| F|  |TAMS 0x0000000786100000, 0x0000000786100000| Untracked 
|  98|0x0000000786200000, 0x0000000786200000, 0x0000000786300000|  0%| F|  |TAMS 0x0000000786200000, 0x0000000786200000| Untracked 
|  99|0x0000000786300000, 0x0000000786300000, 0x0000000786400000|  0%| F|  |TAMS 0x0000000786300000, 0x0000000786300000| Untracked 
| 100|0x0000000786400000, 0x0000000786400000, 0x0000000786500000|  0%| F|  |TAMS 0x0000000786400000, 0x0000000786400000| Untracked 
| 101|0x0000000786500000, 0x0000000786500000, 0x0000000786600000|  0%| F|  |TAMS 0x0000000786500000, 0x0000000786500000| Untracked 
| 102|0x0000000786600000, 0x0000000786600000, 0x0000000786700000|  0%| F|  |TAMS 0x0000000786600000, 0x0000000786600000| Untracked 
| 103|0x0000000786700000, 0x0000000786700000, 0x0000000786800000|  0%| F|  |TAMS 0x0000000786700000, 0x0000000786700000| Untracked 
| 104|0x0000000786800000, 0x0000000786800000, 0x0000000786900000|  0%| F|  |TAMS 0x0000000786800000, 0x0000000786800000| Untracked 
| 105|0x0000000786900000, 0x0000000786900000, 0x0000000786a00000|  0%| F|  |TAMS 0x0000000786900000, 0x0000000786900000| Untracked 
| 106|0x0000000786a00000, 0x0000000786a00000, 0x0000000786b00000|  0%| F|  |TAMS 0x0000000786a00000, 0x0000000786a00000| Untracked 
| 107|0x0000000786b00000, 0x0000000786b00000, 0x0000000786c00000|  0%| F|  |TAMS 0x0000000786b00000, 0x0000000786b00000| Untracked 
| 108|0x0000000786c00000, 0x0000000786c00000, 0x0000000786d00000|  0%| F|  |TAMS 0x0000000786c00000, 0x0000000786c00000| Untracked 
| 109|0x0000000786d00000, 0x0000000786d00000, 0x0000000786e00000|  0%| F|  |TAMS 0x0000000786d00000, 0x0000000786d00000| Untracked 
| 110|0x0000000786e00000, 0x0000000786e00000, 0x0000000786f00000|  0%| F|  |TAMS 0x0000000786e00000, 0x0000000786e00000| Untracked 
| 111|0x0000000786f00000, 0x0000000786f00000, 0x0000000787000000|  0%| F|  |TAMS 0x0000000786f00000, 0x0000000786f00000| Untracked 
| 112|0x0000000787000000, 0x0000000787000000, 0x0000000787100000|  0%| F|  |TAMS 0x0000000787000000, 0x0000000787000000| Untracked 
| 113|0x0000000787100000, 0x0000000787100000, 0x0000000787200000|  0%| F|  |TAMS 0x0000000787100000, 0x0000000787100000| Untracked 
| 114|0x0000000787200000, 0x0000000787200000, 0x0000000787300000|  0%| F|  |TAMS 0x0000000787200000, 0x0000000787200000| Untracked 
| 115|0x0000000787300000, 0x0000000787300000, 0x0000000787400000|  0%| F|  |TAMS 0x0000000787300000, 0x0000000787300000| Untracked 
| 116|0x0000000787400000, 0x0000000787400000, 0x0000000787500000|  0%| F|  |TAMS 0x0000000787400000, 0x0000000787400000| Untracked 
| 117|0x0000000787500000, 0x0000000787500000, 0x0000000787600000|  0%| F|  |TAMS 0x0000000787500000, 0x0000000787500000| Untracked 
| 118|0x0000000787600000, 0x0000000787600000, 0x0000000787700000|  0%| F|  |TAMS 0x0000000787600000, 0x0000000787600000| Untracked 
| 119|0x0000000787700000, 0x0000000787700000, 0x0000000787800000|  0%| F|  |TAMS 0x0000000787700000, 0x0000000787700000| Untracked 
| 120|0x0000000787800000, 0x0000000787800000, 0x0000000787900000|  0%| F|  |TAMS 0x0000000787800000, 0x0000000787800000| Untracked 
| 121|0x0000000787900000, 0x0000000787900000, 0x0000000787a00000|  0%| F|  |TAMS 0x0000000787900000, 0x0000000787900000| Untracked 
| 122|0x0000000787a00000, 0x0000000787a00000, 0x0000000787b00000|  0%| F|  |TAMS 0x0000000787a00000, 0x0000000787a00000| Untracked 
| 123|0x0000000787b00000, 0x0000000787b00000, 0x0000000787c00000|  0%| F|  |TAMS 0x0000000787b00000, 0x0000000787b00000| Untracked 
| 124|0x0000000787c00000, 0x0000000787c00000, 0x0000000787d00000|  0%| F|  |TAMS 0x0000000787c00000, 0x0000000787c00000| Untracked 
| 125|0x0000000787d00000, 0x0000000787d00000, 0x0000000787e00000|  0%| F|  |TAMS 0x0000000787d00000, 0x0000000787d00000| Untracked 
| 126|0x0000000787e00000, 0x0000000787e00000, 0x0000000787f00000|  0%| F|  |TAMS 0x0000000787e00000, 0x0000000787e00000| Untracked 
| 127|0x0000000787f00000, 0x0000000787f00000, 0x0000000788000000|  0%| F|  |TAMS 0x0000000787f00000, 0x0000000787f00000| Untracked 
| 128|0x0000000788000000, 0x0000000788000000, 0x0000000788100000|  0%| F|  |TAMS 0x0000000788000000, 0x0000000788000000| Untracked 
| 129|0x0000000788100000, 0x0000000788100000, 0x0000000788200000|  0%| F|  |TAMS 0x0000000788100000, 0x0000000788100000| Untracked 
| 130|0x0000000788200000, 0x0000000788200000, 0x0000000788300000|  0%| F|  |TAMS 0x0000000788200000, 0x0000000788200000| Untracked 
| 131|0x0000000788300000, 0x0000000788320f60, 0x0000000788400000| 12%| E|  |TAMS 0x0000000788300000, 0x0000000788300000| Complete 
| 132|0x0000000788400000, 0x0000000788500000, 0x0000000788500000|100%| E|CS|TAMS 0x0000000788400000, 0x0000000788400000| Complete 
| 133|0x0000000788500000, 0x0000000788600000, 0x0000000788600000|100%| E|CS|TAMS 0x0000000788500000, 0x0000000788500000| Complete 
| 134|0x0000000788600000, 0x0000000788700000, 0x0000000788700000|100%| E|CS|TAMS 0x0000000788600000, 0x0000000788600000| Complete 
| 135|0x0000000788700000, 0x0000000788800000, 0x0000000788800000|100%| E|CS|TAMS 0x0000000788700000, 0x0000000788700000| Complete 
| 136|0x0000000788800000, 0x0000000788900000, 0x0000000788900000|100%| E|CS|TAMS 0x0000000788800000, 0x0000000788800000| Complete 
| 137|0x0000000788900000, 0x0000000788a00000, 0x0000000788a00000|100%| E|CS|TAMS 0x0000000788900000, 0x0000000788900000| Complete 
| 138|0x0000000788a00000, 0x0000000788b00000, 0x0000000788b00000|100%| E|CS|TAMS 0x0000000788a00000, 0x0000000788a00000| Complete 
| 139|0x0000000788b00000, 0x0000000788c00000, 0x0000000788c00000|100%| E|CS|TAMS 0x0000000788b00000, 0x0000000788b00000| Complete 
| 140|0x0000000788c00000, 0x0000000788d00000, 0x0000000788d00000|100%| E|CS|TAMS 0x0000000788c00000, 0x0000000788c00000| Complete 
| 141|0x0000000788d00000, 0x0000000788e00000, 0x0000000788e00000|100%| E|CS|TAMS 0x0000000788d00000, 0x0000000788d00000| Complete 
| 142|0x0000000788e00000, 0x0000000788f00000, 0x0000000788f00000|100%| E|CS|TAMS 0x0000000788e00000, 0x0000000788e00000| Complete 
| 143|0x0000000788f00000, 0x0000000789000000, 0x0000000789000000|100%| E|CS|TAMS 0x0000000788f00000, 0x0000000788f00000| Complete 
| 144|0x0000000789000000, 0x0000000789100000, 0x0000000789100000|100%| E|CS|TAMS 0x0000000789000000, 0x0000000789000000| Complete 
| 145|0x0000000789100000, 0x0000000789200000, 0x0000000789200000|100%| E|CS|TAMS 0x0000000789100000, 0x0000000789100000| Complete 
| 146|0x0000000789200000, 0x0000000789300000, 0x0000000789300000|100%| E|CS|TAMS 0x0000000789200000, 0x0000000789200000| Complete 
| 147|0x0000000789300000, 0x0000000789400000, 0x0000000789400000|100%| E|CS|TAMS 0x0000000789300000, 0x0000000789300000| Complete 
| 148|0x0000000789400000, 0x0000000789500000, 0x0000000789500000|100%| E|CS|TAMS 0x0000000789400000, 0x0000000789400000| Complete 
| 149|0x0000000789500000, 0x0000000789600000, 0x0000000789600000|100%| E|CS|TAMS 0x0000000789500000, 0x0000000789500000| Complete 
| 150|0x0000000789600000, 0x0000000789700000, 0x0000000789700000|100%| E|CS|TAMS 0x0000000789600000, 0x0000000789600000| Complete 
| 151|0x0000000789700000, 0x0000000789800000, 0x0000000789800000|100%| E|CS|TAMS 0x0000000789700000, 0x0000000789700000| Complete 
| 152|0x0000000789800000, 0x0000000789900000, 0x0000000789900000|100%| E|CS|TAMS 0x0000000789800000, 0x0000000789800000| Complete 
| 153|0x0000000789900000, 0x0000000789a00000, 0x0000000789a00000|100%| E|CS|TAMS 0x0000000789900000, 0x0000000789900000| Complete 
|1022|0x00000007bfe00000, 0x00000007bfe52000, 0x00000007bff00000| 32%|OA|  |TAMS 0x00000007bfe52000, 0x00000007bfe00000| Untracked 
|1023|0x00000007bff00000, 0x00000007bff7c000, 0x00000007c0000000| 48%|CA|  |TAMS 0x00000007bff7c000, 0x00000007bff00000| Untracked 

Card table byte_map: [0x000000010f9b4000,0x000000010fdb4000] _byte_map_base: 0x000000010bdb4000

Marking Bits (Prev, Next): (CMBitMap*) 0x00007fe1dd807e18, (CMBitMap*) 0x00007fe1dd807e58
 Prev Bits: [0x00000001101b4000, 0x00000001121b4000)
 Next Bits: [0x0000000122d48000, 0x0000000124d48000)

Polling page: 0x00000001041f8000

Metaspace:

Usage:
  Non-class:     35.99 MB capacity,    35.07 MB ( 97%) used,   778.02 KB (  2%) free+waste,   159.69 KB ( <1%) overhead. 
      Class:      6.20 MB capacity,     5.70 MB ( 92%) used,   430.22 KB (  7%) free+waste,    79.44 KB (  1%) overhead. 
       Both:     42.19 MB capacity,    40.77 MB ( 97%) used,     1.18 MB (  3%) free+waste,   239.12 KB ( <1%) overhead. 

Virtual space:
  Non-class space:       38.00 MB reserved,      36.17 MB ( 95%) committed 
      Class space:        1.00 GB reserved,       6.25 MB ( <1%) committed 
             Both:        1.04 GB reserved,      42.42 MB (  4%) committed 

Chunk freelists:
   Non-Class:  93.00 KB
       Class:  13.00 KB
        Both:  106.00 KB

MaxMetaspaceSize: unlimited
CompressedClassSpaceSize: 1.00 GB

CodeHeap 'non-profiled nmethods': size=238384Kb used=10209Kb max_used=10209Kb free=228175Kb
 bounds [0x000000011447c000, 0x0000000114e7c000, 0x0000000122d48000]
CodeHeap 'non-nmethods': size=7376Kb used=1311Kb max_used=1311Kb free=6064Kb
 bounds [0x0000000113d48000, 0x0000000113fb8000, 0x000000011447c000]
 total_blobs=6228 nmethods=5706 adapters=450
 compilation: enabled
              stopped_count=0, restarted_count=0
 full_count=0

Compilation events (20 events):
Event: 190.004 Thread 0x00007fe1de802800 5697  s!   1       java.lang.Throwable::writeObject (45 bytes)
Event: 190.005 Thread 0x00007fe1de802800 nmethod 5697 0x0000000114e71210 code [0x0000000114e713e0, 0x0000000114e718d0]
Event: 227.075 Thread 0x00007fe1de802800 5698       1       org.apache.catalina.webresources.CachedResource::getNextCheck (5 bytes)
Event: 227.075 Thread 0x00007fe1de802800 nmethod 5698 0x0000000114e71b10 code [0x0000000114e71ca0, 0x0000000114e71d70]
Event: 237.026 Thread 0x00007fe1de802800 5699       1       java.util.concurrent.ScheduledThreadPoolExecutor$DelayedWorkQueue::setIndex (16 bytes)
Event: 237.026 Thread 0x00007fe1de802800 nmethod 5699 0x0000000114e71e10 code [0x0000000114e71fa0, 0x0000000114e720d0]
Event: 257.084 Thread 0x00007fe1de802800 5700       1       org.apache.catalina.util.LifecycleBase::fireLifecycleEvent (56 bytes)
Event: 257.084 Thread 0x00007fe1de802800 nmethod 5700 0x0000000114e72190 code [0x0000000114e72360, 0x0000000114e72730]
Event: 287.092 Thread 0x00007fe1de802800 5701       1       jdk.internal.misc.Unsafe::putReferenceOpaque (9 bytes)
Event: 287.092 Thread 0x00007fe1de802800 nmethod 5701 0x0000000114e72890 code [0x0000000114e72a20, 0x0000000114e72b50]
Event: 300.858 Thread 0x00007fe1de802800 5702       1       java.util.concurrent.ScheduledThreadPoolExecutor$ScheduledFutureTask::compareTo (9 bytes)
Event: 300.859 Thread 0x00007fe1de802800 nmethod 5702 0x0000000114e72c10 code [0x0000000114e72da0, 0x0000000114e72f00]
Event: 300.859 Thread 0x00007fe1de802800 5703       1       java.util.concurrent.ScheduledThreadPoolExecutor$ScheduledFutureTask::compareTo (101 bytes)
Event: 300.859 Thread 0x00007fe1de802800 nmethod 5703 0x0000000114e72f90 code [0x0000000114e73140, 0x0000000114e73510]
Event: 301.038 Thread 0x00007fe1de802800 5704       1       java.util.concurrent.locks.AbstractQueuedSynchronizer$ConditionObject::canReacquire (28 bytes)
Event: 301.039 Thread 0x00007fe1de802800 nmethod 5704 0x0000000114e73690 code [0x0000000114e73820, 0x0000000114e73990]
Event: 337.023 Thread 0x00007fe1de802800 5705       1       java.util.concurrent.ThreadPoolExecutor::isShutdown (12 bytes)
Event: 337.023 Thread 0x00007fe1de802800 nmethod 5705 0x0000000114e73a90 code [0x0000000114e73c20, 0x0000000114e73d10]
Event: 347.110 Thread 0x00007fe1de802800 5706       1       java.util.concurrent.ScheduledThreadPoolExecutor::canRunInCurrentRunState (61 bytes)
Event: 347.111 Thread 0x00007fe1de802800 nmethod 5706 0x0000000114e73e10 code [0x0000000114e73fc0, 0x0000000114e74280]

GC Heap History (20 events):
Event: 4.216 GC heap before
{Heap before GC invocations=18 (full 0):
 garbage-first heap   total 106496K, used 78266K [0x0000000780000000, 0x0000000800000000)
  region size 1024K, 62 young (63488K), 5 survivors (5120K)
 Metaspace       used 29226K, capacity 30146K, committed 30512K, reserved 1075200K
  class space    used 4061K, capacity 4403K, committed 4480K, reserved 1048576K
}
Event: 4.223 GC heap after
{Heap after GC invocations=19 (full 0):
 garbage-first heap   total 149504K, used 20724K [0x0000000780000000, 0x0000000800000000)
  region size 1024K, 5 young (5120K), 5 survivors (5120K)
 Metaspace       used 29226K, capacity 30146K, committed 30512K, reserved 1075200K
  class space    used 4061K, capacity 4403K, committed 4480K, reserved 1048576K
}
Event: 4.617 GC heap before
{Heap before GC invocations=19 (full 0):
 garbage-first heap   total 149504K, used 104692K [0x0000000780000000, 0x0000000800000000)
  region size 1024K, 87 young (89088K), 5 survivors (5120K)
 Metaspace       used 30752K, capacity 31674K, committed 32048K, reserved 1077248K
  class space    used 4306K, capacity 4632K, committed 4736K, reserved 1048576K
}
Event: 4.622 GC heap after
{Heap after GC invocations=20 (full 0):
 garbage-first heap   total 149504K, used 21759K [0x0000000780000000, 0x0000000800000000)
  region size 1024K, 6 young (6144K), 6 survivors (6144K)
 Metaspace       used 30752K, capacity 31674K, committed 32048K, reserved 1077248K
  class space    used 4306K, capacity 4632K, committed 4736K, reserved 1048576K
}
Event: 4.977 GC heap before
{Heap before GC invocations=20 (full 0):
 garbage-first heap   total 149504K, used 104703K [0x0000000780000000, 0x0000000800000000)
  region size 1024K, 87 young (89088K), 6 survivors (6144K)
 Metaspace       used 33441K, capacity 34546K, committed 34736K, reserved 1079296K
  class space    used 4653K, capacity 5044K, committed 5120K, reserved 1048576K
}
Event: 4.983 GC heap after
{Heap after GC invocations=21 (full 0):
 garbage-first heap   total 149504K, used 22578K [0x0000000780000000, 0x0000000800000000)
  region size 1024K, 7 young (7168K), 7 survivors (7168K)
 Metaspace       used 33441K, capacity 34546K, committed 34736K, reserved 1079296K
  class space    used 4653K, capacity 5044K, committed 5120K, reserved 1048576K
}
Event: 5.155 GC heap before
{Heap before GC invocations=21 (full 0):
 garbage-first heap   total 149504K, used 64562K [0x0000000780000000, 0x0000000800000000)
  region size 1024K, 49 young (50176K), 7 survivors (7168K)
 Metaspace       used 34702K, capacity 35726K, committed 35888K, reserved 1079296K
  class space    used 4815K, capacity 5179K, committed 5248K, reserved 1048576K
}
Event: 5.161 GC heap after
{Heap after GC invocations=22 (full 0):
 garbage-first heap   total 149504K, used 23294K [0x0000000780000000, 0x0000000800000000)
  region size 1024K, 6 young (6144K), 6 survivors (6144K)
 Metaspace       used 34702K, capacity 35726K, committed 35888K, reserved 1079296K
  class space    used 4815K, capacity 5179K, committed 5248K, reserved 1048576K
}
Event: 5.463 GC heap before
{Heap before GC invocations=23 (full 0):
 garbage-first heap   total 96256K, used 83710K [0x0000000780000000, 0x0000000800000000)
  region size 1024K, 65 young (66560K), 6 survivors (6144K)
 Metaspace       used 36039K, capacity 37200K, committed 37424K, reserved 1081344K
  class space    used 5043K, capacity 5458K, committed 5504K, reserved 1048576K
}
Event: 5.473 GC heap after
{Heap after GC invocations=24 (full 0):
 garbage-first heap   total 122880K, used 24537K [0x0000000780000000, 0x0000000800000000)
  region size 1024K, 6 young (6144K), 6 survivors (6144K)
 Metaspace       used 36039K, capacity 37200K, committed 37424K, reserved 1081344K
  class space    used 5043K, capacity 5458K, committed 5504K, reserved 1048576K
}
Event: 5.831 GC heap before
{Heap before GC invocations=24 (full 0):
 garbage-first heap   total 122880K, used 91097K [0x0000000780000000, 0x0000000800000000)
  region size 1024K, 72 young (73728K), 6 survivors (6144K)
 Metaspace       used 37929K, capacity 39160K, committed 39472K, reserved 1083392K
  class space    used 5239K, capacity 5663K, committed 5760K, reserved 1048576K
}
Event: 5.841 GC heap after
{Heap after GC invocations=25 (full 0):
 garbage-first heap   total 122880K, used 25795K [0x0000000780000000, 0x0000000800000000)
  region size 1024K, 6 young (6144K), 6 survivors (6144K)
 Metaspace       used 37929K, capacity 39160K, committed 39472K, reserved 1083392K
  class space    used 5239K, capacity 5663K, committed 5760K, reserved 1048576K
}
Event: 6.106 GC heap before
{Heap before GC invocations=25 (full 0):
 garbage-first heap   total 122880K, used 97475K [0x0000000780000000, 0x0000000800000000)
  region size 1024K, 72 young (73728K), 6 survivors (6144K)
 Metaspace       used 38819K, capacity 40067K, committed 40368K, reserved 1083392K
  class space    used 5362K, capacity 5795K, committed 5888K, reserved 1048576K
}
Event: 6.116 GC heap after
{Heap after GC invocations=26 (full 0):
 garbage-first heap   total 122880K, used 26384K [0x0000000780000000, 0x0000000800000000)
  region size 1024K, 5 young (5120K), 5 survivors (5120K)
 Metaspace       used 38819K, capacity 40067K, committed 40368K, reserved 1083392K
  class space    used 5362K, capacity 5795K, committed 5888K, reserved 1048576K
}
Event: 6.461 GC heap before
{Heap before GC invocations=26 (full 0):
 garbage-first heap   total 122880K, used 94992K [0x0000000780000000, 0x0000000800000000)
  region size 1024K, 72 young (73728K), 5 survivors (5120K)
 Metaspace       used 39690K, capacity 41009K, committed 41264K, reserved 1085440K
  class space    used 5519K, capacity 5986K, committed 6016K, reserved 1048576K
}
Event: 6.470 GC heap after
{Heap after GC invocations=27 (full 0):
 garbage-first heap   total 122880K, used 27441K [0x0000000780000000, 0x0000000800000000)
  region size 1024K, 5 young (5120K), 5 survivors (5120K)
 Metaspace       used 39690K, capacity 41009K, committed 41264K, reserved 1085440K
  class space    used 5519K, capacity 5986K, committed 6016K, reserved 1048576K
}
Event: 6.760 GC heap before
{Heap before GC invocations=27 (full 0):
 garbage-first heap   total 122880K, used 96049K [0x0000000780000000, 0x0000000800000000)
  region size 1024K, 72 young (73728K), 5 survivors (5120K)
 Metaspace       used 40550K, capacity 41934K, committed 42288K, reserved 1085440K
  class space    used 5656K, capacity 6168K, committed 6272K, reserved 1048576K
}
Event: 6.770 GC heap after
{Heap after GC invocations=28 (full 0):
 garbage-first heap   total 159744K, used 28420K [0x0000000780000000, 0x0000000800000000)
  region size 1024K, 6 young (6144K), 6 survivors (6144K)
 Metaspace       used 40550K, capacity 41934K, committed 42288K, reserved 1085440K
  class space    used 5656K, capacity 6168K, committed 6272K, reserved 1048576K
}
Event: 14.789 GC heap before
{Heap before GC invocations=28 (full 0):
 garbage-first heap   total 159744K, used 117508K [0x0000000780000000, 0x0000000800000000)
  region size 1024K, 93 young (95232K), 6 survivors (6144K)
 Metaspace       used 41730K, capacity 43195K, committed 43440K, reserved 1087488K
  class space    used 5834K, capacity 6346K, committed 6400K, reserved 1048576K
}
Event: 14.796 GC heap after
{Heap after GC invocations=29 (full 0):
 garbage-first heap   total 159744K, used 29250K [0x0000000780000000, 0x0000000800000000)
  region size 1024K, 7 young (7168K), 7 survivors (7168K)
 Metaspace       used 41730K, capacity 43195K, committed 43440K, reserved 1087488K
  class space    used 5834K, capacity 6346K, committed 6400K, reserved 1048576K
}

Deoptimization events (20 events):
Event: 349.295 Thread 0x00007fe1de115800 DEOPT PACKING pc=0x0000000114e620c4 sp=0x00007000043a4020
Event: 349.295 Thread 0x00007fe1de115800 DEOPT UNPACKING pc=0x0000000113d9133a sp=0x00007000043a3608 mode 1
Event: 349.799 Thread 0x00007fe1de115800 DEOPT PACKING pc=0x0000000114c9c744 sp=0x00007000043a39b0
Event: 349.799 Thread 0x00007fe1de115800 DEOPT UNPACKING pc=0x0000000113d9133a sp=0x00007000043a2ed0 mode 1
Event: 349.799 Thread 0x00007fe1de115800 DEOPT PACKING pc=0x0000000114e5eb9c sp=0x00007000043a3a60
Event: 349.799 Thread 0x00007fe1de115800 DEOPT UNPACKING pc=0x0000000113d9133a sp=0x00007000043a3030 mode 1
Event: 349.799 Thread 0x00007fe1de115800 DEOPT PACKING pc=0x0000000114e5e17c sp=0x00007000043a3bd0
Event: 349.799 Thread 0x00007fe1de115800 DEOPT UNPACKING pc=0x0000000113d9133a sp=0x00007000043a3120 mode 1
Event: 349.799 Thread 0x00007fe1de115800 DEOPT PACKING pc=0x0000000114e5143c sp=0x00007000043a3cb0
Event: 349.799 Thread 0x00007fe1de115800 DEOPT UNPACKING pc=0x0000000113d9133a sp=0x00007000043a31a0 mode 1
Event: 349.799 Thread 0x00007fe1de115800 DEOPT PACKING pc=0x0000000114e4dfec sp=0x00007000043a3d30
Event: 349.799 Thread 0x00007fe1de115800 DEOPT UNPACKING pc=0x0000000113d9133a sp=0x00007000043a3248 mode 1
Event: 349.799 Thread 0x00007fe1de115800 DEOPT PACKING pc=0x0000000114e5cdbc sp=0x00007000043a3e60
Event: 349.799 Thread 0x00007fe1de115800 DEOPT UNPACKING pc=0x0000000113d9133a sp=0x00007000043a3398 mode 1
Event: 349.799 Thread 0x00007fe1de115800 DEOPT PACKING pc=0x0000000114e65b14 sp=0x00007000043a3f40
Event: 349.799 Thread 0x00007fe1de115800 DEOPT UNPACKING pc=0x0000000113d9133a sp=0x00007000043a3440 mode 1
Event: 349.799 Thread 0x00007fe1de115800 DEOPT PACKING pc=0x00000001148ed0a4 sp=0x00007000043a3fd0
Event: 349.799 Thread 0x00007fe1de115800 DEOPT UNPACKING pc=0x0000000113d9133a sp=0x00007000043a3490 mode 1
Event: 349.799 Thread 0x00007fe1de115800 DEOPT PACKING pc=0x0000000114e620c4 sp=0x00007000043a4020
Event: 349.799 Thread 0x00007fe1de115800 DEOPT UNPACKING pc=0x0000000113d9133a sp=0x00007000043a3608 mode 1

Classes unloaded (1 events):
Event: 5.174 Thread 0x00007fe1e001b000 Unloading class 0x0000000800bc5840 'java/rmi/server/ObjID$$Lambda$80'

Classes redefined (2 events):
Event: 339.067 Thread 0x00007fe1e001b000 redefined class name=me.julb.applications.ping.configurations.CustomConfiguration, count=1
Event: 350.039 Thread 0x00007fe1e001b000 redefined class name=me.julb.applications.ping.configurations.CustomConfiguration, count=2

Internal exceptions (20 events):
Event: 35.957 Thread 0x00007fe1e01f4000 Exception <a 'java/lang/ClassNotFoundException'{0x0000000789079dc8}: org/springframework/context/support/LiveBeansView> (0x0000000789079dc8) 
thrown [./src/hotspot/share/classfile/systemDictionary.cpp, line 226]
Event: 35.957 Thread 0x00007fe1e01f4000 Exception <a 'java/lang/ClassNotFoundException'{0x000000078907a180}: org/springframework/context/support/LiveBeansView> (0x000000078907a180) 
thrown [./src/hotspot/share/classfile/systemDictionary.cpp, line 226]
Event: 35.957 Thread 0x00007fe1e01f4000 Exception <a 'java/lang/ClassNotFoundException'{0x000000078907a530}: org/springframework/context/support/LiveBeansView> (0x000000078907a530) 
thrown [./src/hotspot/share/classfile/systemDictionary.cpp, line 226]
Event: 35.957 Thread 0x00007fe1e01f4000 Exception <a 'java/lang/ClassNotFoundException'{0x000000078907a8d8}: org/springframework/context/support/LiveBeansView> (0x000000078907a8d8) 
thrown [./src/hotspot/share/classfile/systemDictionary.cpp, line 226]
Event: 35.957 Thread 0x00007fe1e01f4000 Exception <a 'java/lang/ClassNotFoundException'{0x000000078907ac98}: org/springframework/context/support/LiveBeansView> (0x000000078907ac98) 
thrown [./src/hotspot/share/classfile/systemDictionary.cpp, line 226]
Event: 35.957 Thread 0x00007fe1e01f4000 Exception <a 'java/lang/ClassNotFoundException'{0x000000078907b040}: org/springframework/context/support/LiveBeansView> (0x000000078907b040) 
thrown [./src/hotspot/share/classfile/systemDictionary.cpp, line 226]
Event: 35.957 Thread 0x00007fe1e01f4000 Exception <a 'java/lang/ClassNotFoundException'{0x000000078907b400}: org/springframework/context/support/LiveBeansView> (0x000000078907b400) 
thrown [./src/hotspot/share/classfile/systemDictionary.cpp, line 226]
Event: 35.957 Thread 0x00007fe1e01f4000 Exception <a 'java/lang/ClassNotFoundException'{0x000000078907b7b8}: org/springframework/context/support/LiveBeansView> (0x000000078907b7b8) 
thrown [./src/hotspot/share/classfile/systemDictionary.cpp, line 226]
Event: 35.957 Thread 0x00007fe1e01f4000 Exception <a 'java/lang/ClassNotFoundException'{0x000000078907bb68}: org/springframework/context/support/LiveBeansView> (0x000000078907bb68) 
thrown [./src/hotspot/share/classfile/systemDictionary.cpp, line 226]
Event: 35.957 Thread 0x00007fe1e01f4000 Exception <a 'java/lang/ClassNotFoundException'{0x000000078907bf28}: org/springframework/context/support/LiveBeansView> (0x000000078907bf28) 
thrown [./src/hotspot/share/classfile/systemDictionary.cpp, line 226]
Event: 35.957 Thread 0x00007fe1e01f4000 Exception <a 'java/lang/ClassNotFoundException'{0x000000078907c2e8}: org/springframework/context/support/LiveBeansView> (0x000000078907c2e8) 
thrown [./src/hotspot/share/classfile/systemDictionary.cpp, line 226]
Event: 35.957 Thread 0x00007fe1e01f4000 Exception <a 'java/lang/ClassNotFoundException'{0x000000078907c6a8}: org/springframework/context/support/LiveBeansView> (0x000000078907c6a8) 
thrown [./src/hotspot/share/classfile/systemDictionary.cpp, line 226]
Event: 35.957 Thread 0x00007fe1e01f4000 Exception <a 'java/lang/ClassNotFoundException'{0x000000078907ca48}: org/springframework/context/support/LiveBeansView> (0x000000078907ca48) 
thrown [./src/hotspot/share/classfile/systemDictionary.cpp, line 226]
Event: 35.957 Thread 0x00007fe1e01f4000 Exception <a 'java/lang/ClassNotFoundException'{0x000000078907ce00}: org/springframework/context/support/LiveBeansView> (0x000000078907ce00) 
thrown [./src/hotspot/share/classfile/systemDictionary.cpp, line 226]
Event: 35.957 Thread 0x00007fe1e01f4000 Exception <a 'java/lang/ClassNotFoundException'{0x000000078907d1a8}: org/springframework/context/support/LiveBeansView> (0x000000078907d1a8) 
thrown [./src/hotspot/share/classfile/systemDictionary.cpp, line 226]
Event: 35.958 Thread 0x00007fe1e01f4000 Exception <a 'java/lang/ClassNotFoundException'{0x00000007890b6848}: org/springframework/context/support/LiveBeansView> (0x00000007890b6848) 
thrown [./src/hotspot/share/classfile/systemDictionary.cpp, line 226]
Event: 35.958 Thread 0x00007fe1e01f4000 Exception <a 'java/lang/ClassNotFoundException'{0x00000007890b6c10}: org/springframework/context/support/LiveBeansView> (0x00000007890b6c10) 
thrown [./src/hotspot/share/classfile/systemDictionary.cpp, line 226]
Event: 35.959 Thread 0x00007fe1e01f4000 Exception <a 'java/lang/ClassNotFoundException'{0x00000007890b6fc0}: org/springframework/context/support/LiveBeansView> (0x00000007890b6fc0) 
thrown [./src/hotspot/share/classfile/systemDictionary.cpp, line 226]
Event: 35.959 Thread 0x00007fe1e01f4000 Exception <a 'java/lang/ClassNotFoundException'{0x00000007890b7370}: org/springframework/context/support/LiveBeansView> (0x00000007890b7370) 
thrown [./src/hotspot/share/classfile/systemDictionary.cpp, line 226]
Event: 35.960 Thread 0x00007fe1e01f4000 Exception <a 'java/lang/reflect/InvocationTargetException'{0x00000007890baa18}> (0x00000007890baa18) 
thrown [./src/hotspot/share/runtime/reflection.cpp, line 1188]

Events (20 events):
Event: 350.034 Executing VM operation: RedefineClasses
Event: 350.048 Executing VM operation: RedefineClasses done
Event: 350.057 Executing VM operation: ChangeBreakpoints
Event: 350.060 Executing VM operation: ChangeBreakpoints done
Event: 350.070 Executing VM operation: ChangeBreakpoints
Event: 350.072 Executing VM operation: ChangeBreakpoints done
Event: 350.072 Executing VM operation: ChangeBreakpoints
Event: 350.074 Executing VM operation: ChangeBreakpoints done
Event: 350.076 Executing VM operation: GetFrameCount
Event: 350.076 Executing VM operation: GetFrameCount done
Event: 350.076 Executing VM operation: GetStackTrace
Event: 350.076 Executing VM operation: GetStackTrace done
Event: 350.100 Executing VM operation: GetFrameCount
Event: 350.100 Executing VM operation: GetFrameCount done
Event: 350.101 Executing VM operation: GetOwnedMonitorInfo
Event: 350.101 Executing VM operation: GetOwnedMonitorInfo done
Event: 350.101 Executing VM operation: GetCurrentContendedMonitor
Event: 350.101 Executing VM operation: GetCurrentContendedMonitor done
Event: 350.157 Executing VM operation: GetFrameLocation
Event: 350.158 Executing VM operation: GetFrameLocation done


Dynamic libraries:
0x00007fff6c692000 	/usr/lib/libz.1.dylib
0x00000001041d1000 	/Library/Java/JavaVirtualMachines/adoptopenjdk-14.jdk/Contents/Home/lib/libjli.dylib
0x00007fff3ede8000 	/System/Library/Frameworks/Cocoa.framework/Versions/A/Cocoa
0x00007fff4b0a7000 	/System/Library/Frameworks/Security.framework/Versions/A/Security
0x00007fff3d9ef000 	/System/Library/Frameworks/ApplicationServices.framework/Versions/A/ApplicationServices
0x00007fff69d07000 	/usr/lib/libSystem.B.dylib
0x00007fff6c715000 	/usr/lib/system/libcache.dylib
0x00007fff6c71a000 	/usr/lib/system/libcommonCrypto.dylib
0x00007fff6c725000 	/usr/lib/system/libcompiler_rt.dylib
0x00007fff6c72d000 	/usr/lib/system/libcopyfile.dylib
0x00007fff6c737000 	/usr/lib/system/libcorecrypto.dylib
0x00007fff6c842000 	/usr/lib/system/libdispatch.dylib
0x00007fff6c87d000 	/usr/lib/system/libdyld.dylib
0x00007fff6c8ad000 	/usr/lib/system/libkeymgr.dylib
0x00007fff6c8bb000 	/usr/lib/system/liblaunch.dylib
0x00007fff6c8bc000 	/usr/lib/system/libmacho.dylib
0x00007fff6c8c2000 	/usr/lib/system/libquarantine.dylib
0x00007fff6c8c5000 	/usr/lib/system/libremovefile.dylib
0x00007fff6c8c7000 	/usr/lib/system/libsystem_asl.dylib
0x00007fff6c8df000 	/usr/lib/system/libsystem_blocks.dylib
0x00007fff6c8e0000 	/usr/lib/system/libsystem_c.dylib
0x00007fff6c969000 	/usr/lib/system/libsystem_configuration.dylib
0x00007fff6c96d000 	/usr/lib/system/libsystem_coreservices.dylib
0x00007fff6c971000 	/usr/lib/system/libsystem_darwin.dylib
0x00007fff6c978000 	/usr/lib/system/libsystem_dnssd.dylib
0x00007fff6c97f000 	/usr/lib/system/libsystem_info.dylib
0x00007fff6c9f5000 	/usr/lib/system/libsystem_m.dylib
0x00007fff6ca41000 	/usr/lib/system/libsystem_malloc.dylib
0x00007fff6ca66000 	/usr/lib/system/libsystem_networkextension.dylib
0x00007fff6ca72000 	/usr/lib/system/libsystem_notify.dylib
0x00007fff6ca8f000 	/usr/lib/system/libsystem_sandbox.dylib
0x00007fff6ca93000 	/usr/lib/system/libsystem_secinit.dylib
0x00007fff6c9cc000 	/usr/lib/system/libsystem_kernel.dylib
0x00007fff6ca7a000 	/usr/lib/system/libsystem_platform.dylib
0x00007fff6ca84000 	/usr/lib/system/libsystem_pthread.dylib
0x00007fff6ca96000 	/usr/lib/system/libsystem_symptoms.dylib
0x00007fff6ca9e000 	/usr/lib/system/libsystem_trace.dylib
0x00007fff6cab5000 	/usr/lib/system/libunwind.dylib
0x00007fff6cabb000 	/usr/lib/system/libxpc.dylib
0x00007fff6b7af000 	/usr/lib/libobjc.A.dylib
0x00007fff69fb9000 	/usr/lib/libc++abi.dylib
0x00007fff69f61000 	/usr/lib/libc++.1.dylib
0x00007fff3f60b000 	/System/Library/Frameworks/CoreFoundation.framework/Versions/A/CoreFoundation
0x00007fff41990000 	/System/Library/Frameworks/Foundation.framework/Versions/C/Foundation
0x00007fff3cb7c000 	/System/Library/Frameworks/AppKit.framework/Versions/C/AppKit
0x00007fff3f17f000 	/System/Library/Frameworks/CoreData.framework/Versions/A/CoreData
0x00007fff62ed5000 	/System/Library/PrivateFrameworks/RemoteViewServices.framework/Versions/A/RemoteViewServices
0x00007fff679d5000 	/System/Library/PrivateFrameworks/UIFoundation.framework/Versions/A/UIFoundation
0x00007fff6918d000 	/System/Library/PrivateFrameworks/XCTTargetBootstrap.framework/Versions/A/XCTTargetBootstrap
0x00007fff5d9dc000 	/System/Library/PrivateFrameworks/IconServices.framework/Versions/A/IconServices
0x00007fff4425a000 	/System/Library/Frameworks/Metal.framework/Versions/A/Metal
0x00007fff54bde000 	/System/Library/PrivateFrameworks/DesktopServicesPriv.framework/Versions/A/DesktopServicesPriv
0x00007fff6aac2000 	/usr/lib/libenergytrace.dylib
0x00007fff65746000 	/System/Library/PrivateFrameworks/SkyLight.framework/Versions/A/SkyLight
0x00007fff3fa5a000 	/System/Library/Frameworks/CoreGraphics.framework/Versions/A/CoreGraphics
0x00007fff3b937000 	/System/Library/Frameworks/Accelerate.framework/Versions/A/Accelerate
0x00007fff4211a000 	/System/Library/Frameworks/IOSurface.framework/Versions/A/IOSurface
0x00007fff54a40000 	/System/Library/PrivateFrameworks/DFRFoundation.framework/Versions/A/DFRFoundation
0x00007fff3def4000 	/System/Library/Frameworks/AudioToolbox.framework/Versions/A/AudioToolbox
0x00007fff3e193000 	/System/Library/Frameworks/AudioUnit.framework/Versions/A/AudioUnit
0x00007fff54ad7000 	/System/Library/PrivateFrameworks/DataDetectorsCore.framework/Versions/A/DataDetectorsCore
0x00007fff3e8d2000 	/System/Library/Frameworks/Carbon.framework/Versions/A/Frameworks/HIToolbox.framework/Versions/A/HIToolbox
0x00007fff6ac1d000 	/usr/lib/libicucore.A.dylib
0x00007fff4a5fa000 	/System/Library/Frameworks/QuartzCore.framework/Versions/A/QuartzCore
0x00007fff3ecb9000 	/System/Library/Frameworks/Carbon.framework/Versions/A/Frameworks/SpeechRecognition.framework/Versions/A/SpeechRecognition
0x00007fff69e6a000 	/usr/lib/libauto.dylib
0x00007fff6c585000 	/usr/lib/libxml2.2.dylib
0x00007fff5463f000 	/System/Library/PrivateFrameworks/CoreUI.framework/Versions/A/CoreUI
0x00007fff3f05d000 	/System/Library/Frameworks/CoreAudio.framework/Versions/A/CoreAudio
0x00007fff417c2000 	/System/Library/Frameworks/DiskArbitration.framework/Versions/A/DiskArbitration
0x00007fff6aecd000 	/usr/lib/liblangid.dylib
0x00007fff5ee8c000 	/System/Library/PrivateFrameworks/MultitouchSupport.framework/Versions/A/MultitouchSupport
0x00007fff42085000 	/System/Library/Frameworks/IOKit.framework/Versions/A/IOKit
0x00007fff69955000 	/usr/lib/libDiagnosticMessagesClient.dylib
0x00007fff408c8000 	/System/Library/Frameworks/CoreServices.framework/Versions/A/CoreServices
0x00007fff60bc2000 	/System/Library/PrivateFrameworks/PerformanceAnalysis.framework/Versions/A/PerformanceAnalysis
0x00007fff4978f000 	/System/Library/Frameworks/OpenGL.framework/Versions/A/OpenGL
0x00007fff3edf6000 	/System/Library/Frameworks/ColorSync.framework/Versions/A/ColorSync
0x00007fff400e9000 	/System/Library/Frameworks/CoreImage.framework/Versions/A/CoreImage
0x00007fff4130b000 	/System/Library/Frameworks/CoreText.framework/Versions/A/CoreText
0x00007fff4217b000 	/System/Library/Frameworks/ImageIO.framework/Versions/A/ImageIO
0x00007fff50c7a000 	/System/Library/PrivateFrameworks/Backup.framework/Versions/A/Backup
0x00007fff69dbd000 	/usr/lib/libarchive.2.dylib
0x00007fff3e4f7000 	/System/Library/Frameworks/CFNetwork.framework/Versions/A/CFNetwork
0x00007fff4b852000 	/System/Library/Frameworks/SystemConfiguration.framework/Versions/A/SystemConfiguration
0x00007fff6987e000 	/usr/lib/libCRFSuite.dylib
0x00007fff69f41000 	/usr/lib/libbsm.0.dylib
0x00007fff6c8ae000 	/usr/lib/system/libkxld.dylib
0x00007fff4ff27000 	/System/Library/PrivateFrameworks/AppleFSCompression.framework/Versions/A/AppleFSCompression
0x00007fff69bc6000 	/usr/lib/libOpenScriptingUtil.dylib
0x00007fff6a2a4000 	/usr/lib/libcoretls.dylib
0x00007fff6a2bb000 	/usr/lib/libcoretls_cfhelpers.dylib
0x00007fff6bf48000 	/usr/lib/libpam.2.dylib
0x00007fff6c10b000 	/usr/lib/libsqlite3.dylib
0x00007fff6c573000 	/usr/lib/libxar.1.dylib
0x00007fff69f52000 	/usr/lib/libbz2.1.0.dylib
0x00007fff6aecf000 	/usr/lib/liblzma.5.dylib
0x00007fff6b3c5000 	/usr/lib/libnetwork.dylib
0x00007fff69da6000 	/usr/lib/libapple_nghttp2.dylib
0x00007fff6bf4f000 	/usr/lib/libpcap.A.dylib
0x00007fff40c6c000 	/System/Library/Frameworks/CoreServices.framework/Versions/A/Frameworks/FSEvents.framework/Versions/A/FSEvents
0x00007fff40948000 	/System/Library/Frameworks/CoreServices.framework/Versions/A/Frameworks/CarbonCore.framework/Versions/A/CarbonCore
0x00007fff40e41000 	/System/Library/Frameworks/CoreServices.framework/Versions/A/Frameworks/Metadata.framework/Versions/A/Metadata
0x00007fff40ee4000 	/System/Library/Frameworks/CoreServices.framework/Versions/A/Frameworks/OSServices.framework/Versions/A/OSServices
0x00007fff40f30000 	/System/Library/Frameworks/CoreServices.framework/Versions/A/Frameworks/SearchKit.framework/Versions/A/SearchKit
0x00007fff408c9000 	/System/Library/Frameworks/CoreServices.framework/Versions/A/Frameworks/AE.framework/Versions/A/AE
0x00007fff40c75000 	/System/Library/Frameworks/CoreServices.framework/Versions/A/Frameworks/LaunchServices.framework/Versions/A/LaunchServices
0x00007fff40c21000 	/System/Library/Frameworks/CoreServices.framework/Versions/A/Frameworks/DictionaryServices.framework/Versions/A/DictionaryServices
0x00007fff40f9f000 	/System/Library/Frameworks/CoreServices.framework/Versions/A/Frameworks/SharedFileList.framework/Versions/A/SharedFileList
0x00007fff45720000 	/System/Library/Frameworks/NetFS.framework/Versions/A/NetFS
0x00007fff5f129000 	/System/Library/PrivateFrameworks/NetAuth.framework/Versions/A/NetAuth
0x00007fff695c1000 	/System/Library/PrivateFrameworks/login.framework/Versions/A/Frameworks/loginsupport.framework/Versions/A/loginsupport
0x00007fff675cd000 	/System/Library/PrivateFrameworks/TCC.framework/Versions/A/TCC
0x00007fff53c47000 	/System/Library/PrivateFrameworks/CoreNLP.framework/Versions/A/CoreNLP
0x00007fff5eb7d000 	/System/Library/PrivateFrameworks/MetadataUtilities.framework/Versions/A/MetadataUtilities
0x00007fff6afb0000 	/usr/lib/libmecabra.dylib
0x00007fff3d9f0000 	/System/Library/Frameworks/ApplicationServices.framework/Versions/A/Frameworks/ATS.framework/Versions/A/ATS
0x00007fff3dd5b000 	/System/Library/Frameworks/ApplicationServices.framework/Versions/A/Frameworks/ColorSyncLegacy.framework/Versions/A/ColorSyncLegacy
0x00007fff3ddfc000 	/System/Library/Frameworks/ApplicationServices.framework/Versions/A/Frameworks/HIServices.framework/Versions/A/HIServices
0x00007fff3de4f000 	/System/Library/Frameworks/ApplicationServices.framework/Versions/A/Frameworks/LangAnalysis.framework/Versions/A/LangAnalysis
0x00007fff3de5e000 	/System/Library/Frameworks/ApplicationServices.framework/Versions/A/Frameworks/PrintCore.framework/Versions/A/PrintCore
0x00007fff3deab000 	/System/Library/Frameworks/ApplicationServices.framework/Versions/A/Frameworks/QD.framework/Versions/A/QD
0x00007fff3dee7000 	/System/Library/Frameworks/ApplicationServices.framework/Versions/A/Frameworks/SpeechSynthesis.framework/Versions/A/SpeechSynthesis
0x00007fff69fe1000 	/usr/lib/libcompression.dylib
0x00007fff3f521000 	/System/Library/Frameworks/CoreDisplay.framework/Versions/A/CoreDisplay
0x00007fff44522000 	/System/Library/Frameworks/MetalPerformanceShaders.framework/Versions/A/MetalPerformanceShaders
0x00007fff3b94f000 	/System/Library/Frameworks/Accelerate.framework/Versions/A/Frameworks/vImage.framework/Versions/A/vImage
0x00007fff3c9cb000 	/System/Library/Frameworks/Accelerate.framework/Versions/A/Frameworks/vecLib.framework/Versions/A/vecLib
0x00007fff3c915000 	/System/Library/Frameworks/Accelerate.framework/Versions/A/Frameworks/vecLib.framework/Versions/A/libvMisc.dylib
0x00007fff3c730000 	/System/Library/Frameworks/Accelerate.framework/Versions/A/Frameworks/vecLib.framework/Versions/A/libvDSP.dylib
0x00007fff3bff0000 	/System/Library/Frameworks/Accelerate.framework/Versions/A/Frameworks/vecLib.framework/Versions/A/libBLAS.dylib
0x00007fff3c2db000 	/System/Library/Frameworks/Accelerate.framework/Versions/A/Frameworks/vecLib.framework/Versions/A/libLAPACK.dylib
0x00007fff3c682000 	/System/Library/Frameworks/Accelerate.framework/Versions/A/Frameworks/vecLib.framework/Versions/A/libLinearAlgebra.dylib
0x00007fff3c71c000 	/System/Library/Frameworks/Accelerate.framework/Versions/A/Frameworks/vecLib.framework/Versions/A/libSparseBLAS.dylib
0x00007fff3c698000 	/System/Library/Frameworks/Accelerate.framework/Versions/A/Frameworks/vecLib.framework/Versions/A/libQuadrature.dylib
0x00007fff3c268000 	/System/Library/Frameworks/Accelerate.framework/Versions/A/Frameworks/vecLib.framework/Versions/A/libBNNS.dylib
0x00007fff3c69e000 	/System/Library/Frameworks/Accelerate.framework/Versions/A/Frameworks/vecLib.framework/Versions/A/libSparse.dylib
0x00007fff5b16e000 	/System/Library/PrivateFrameworks/GPUWrangler.framework/Versions/A/GPUWrangler
0x00007fff5d5a3000 	/System/Library/PrivateFrameworks/IOAccelerator.framework/Versions/A/IOAccelerator
0x00007fff5d5ae000 	/System/Library/PrivateFrameworks/IOPresentment.framework/Versions/A/IOPresentment
0x00007fff54a50000 	/System/Library/PrivateFrameworks/DSExternalDisplay.framework/Versions/A/DSExternalDisplay
0x00007fff48bd4000 	/System/Library/Frameworks/OpenGL.framework/Versions/A/Libraries/libCoreFSCache.dylib
0x00007fff4430a000 	/System/Library/Frameworks/MetalPerformanceShaders.framework/Frameworks/MPSCore.framework/Versions/A/MPSCore
0x00007fff4432b000 	/System/Library/Frameworks/MetalPerformanceShaders.framework/Frameworks/MPSImage.framework/Versions/A/MPSImage
0x00007fff443d3000 	/System/Library/Frameworks/MetalPerformanceShaders.framework/Frameworks/MPSNeuralNetwork.framework/Versions/A/MPSNeuralNetwork
0x00007fff443aa000 	/System/Library/Frameworks/MetalPerformanceShaders.framework/Frameworks/MPSMatrix.framework/Versions/A/MPSMatrix
0x00007fff44506000 	/System/Library/Frameworks/MetalPerformanceShaders.framework/Frameworks/MPSRayIntersector.framework/Versions/A/MPSRayIntersector
0x00007fff5eba6000 	/System/Library/PrivateFrameworks/MetalTools.framework/Versions/A/MetalTools
0x00007fff4f621000 	/System/Library/PrivateFrameworks/AggregateDictionary.framework/Versions/A/AggregateDictionary
0x00007fff69ba6000 	/usr/lib/libMobileGestalt.dylib
0x00007fff41471000 	/System/Library/Frameworks/CoreVideo.framework/Versions/A/CoreVideo
0x00007fff5bfde000 	/System/Library/PrivateFrameworks/GraphVisualizer.framework/Versions/A/GraphVisualizer
0x00007fff55d79000 	/System/Library/PrivateFrameworks/FaceCore.framework/Versions/A/FaceCore
0x00007fff481ec000 	/System/Library/Frameworks/OpenCL.framework/Versions/A/OpenCL
0x00007fff6998d000 	/usr/lib/libFosl_dynamic.dylib
0x00007fff5fa01000 	/System/Library/PrivateFrameworks/OTSVG.framework/Versions/A/OTSVG
0x00007fff3daf4000 	/System/Library/Frameworks/ApplicationServices.framework/Versions/A/Frameworks/ATS.framework/Versions/A/Resources/libFontParser.dylib
0x00007fff3dc14000 	/System/Library/Frameworks/ApplicationServices.framework/Versions/A/Frameworks/ATS.framework/Versions/A/Resources/libFontRegistry.dylib
0x00007fff42405000 	/System/Library/Frameworks/ImageIO.framework/Versions/A/Resources/libJPEG.dylib
0x00007fff42727000 	/System/Library/Frameworks/ImageIO.framework/Versions/A/Resources/libTIFF.dylib
0x00007fff426fd000 	/System/Library/Frameworks/ImageIO.framework/Versions/A/Resources/libPng.dylib
0x00007fff4231a000 	/System/Library/Frameworks/ImageIO.framework/Versions/A/Resources/libGIF.dylib
0x00007fff4231f000 	/System/Library/Frameworks/ImageIO.framework/Versions/A/Resources/libJP2.dylib
0x00007fff42724000 	/System/Library/Frameworks/ImageIO.framework/Versions/A/Resources/libRadiance.dylib
0x00007fff50080000 	/System/Library/PrivateFrameworks/AppleJPEG.framework/Versions/A/AppleJPEG
0x00007fff48bdf000 	/System/Library/Frameworks/OpenGL.framework/Versions/A/Libraries/libGFXShared.dylib
0x00007fff48da2000 	/System/Library/Frameworks/OpenGL.framework/Versions/A/Libraries/libGLU.dylib
0x00007fff48be8000 	/System/Library/Frameworks/OpenGL.framework/Versions/A/Libraries/libGL.dylib
0x00007fff48bf4000 	/System/Library/Frameworks/OpenGL.framework/Versions/A/Libraries/libGLImage.dylib
0x00007fff48bd1000 	/System/Library/Frameworks/OpenGL.framework/Versions/A/Libraries/libCVMSPluginSupport.dylib
0x00007fff48bda000 	/System/Library/Frameworks/OpenGL.framework/Versions/A/Libraries/libCoreVMClient.dylib
0x00007fff6a933000 	/usr/lib/libcups.2.dylib
0x00007fff4381f000 	/System/Library/Frameworks/Kerberos.framework/Versions/A/Kerberos
0x00007fff41dcf000 	/System/Library/Frameworks/GSS.framework/Versions/A/GSS
0x00007fff6c09f000 	/usr/lib/libresolv.9.dylib
0x00007fff6ab2b000 	/usr/lib/libiconv.2.dylib
0x00007fff5c13e000 	/System/Library/PrivateFrameworks/Heimdal.framework/Versions/A/Heimdal
0x00007fff6aafa000 	/usr/lib/libheimdal-asn1.dylib
0x00007fff48262000 	/System/Library/Frameworks/OpenDirectory.framework/Versions/A/OpenDirectory
0x00007fff52943000 	/System/Library/PrivateFrameworks/CommonAuth.framework/Versions/A/CommonAuth
0x00007fff48245000 	/System/Library/Frameworks/OpenDirectory.framework/Versions/A/Frameworks/CFOpenDirectory.framework/Versions/A/CFOpenDirectory
0x00007fff4b3d0000 	/System/Library/Frameworks/SecurityFoundation.framework/Versions/A/SecurityFoundation
0x00007fff4eb30000 	/System/Library/PrivateFrameworks/APFS.framework/Versions/A/APFS
0x00007fff6c56f000 	/usr/lib/libutil.dylib
0x00007fff69fcf000 	/usr/lib/libcharset.1.dylib
0x00007fff5031c000 	/System/Library/PrivateFrameworks/AppleSauce.framework/Versions/A/AppleSauce
0x00007fff504aa000 	/System/Library/PrivateFrameworks/AssertionServices.framework/Versions/A/AssertionServices
0x00007fff50d1d000 	/System/Library/PrivateFrameworks/BaseBoard.framework/Versions/A/BaseBoard
0x00007fff6aeff000 	/usr/lib/libmecab.1.0.0.dylib
0x00007fff6aaf4000 	/usr/lib/libgermantok.dylib
0x00007fff69d92000 	/usr/lib/libThaiTokenizer.dylib
0x00007fff698b9000 	/usr/lib/libChineseTokenizer.dylib
0x00007fff5dcda000 	/System/Library/PrivateFrameworks/LanguageModeling.framework/Versions/A/LanguageModeling
0x00007fff5365d000 	/System/Library/PrivateFrameworks/CoreEmoji.framework/Versions/A/CoreEmoji
0x00007fff5ddd2000 	/System/Library/PrivateFrameworks/Lexicon.framework/Versions/A/Lexicon
0x00007fff5de1a000 	/System/Library/PrivateFrameworks/LinguisticData.framework/Versions/A/LinguisticData
0x00007fff69fd0000 	/usr/lib/libcmph.dylib
0x00007fff4b491000 	/System/Library/Frameworks/ServiceManagement.framework/Versions/A/ServiceManagement
0x00007fff50c70000 	/System/Library/PrivateFrameworks/BackgroundTaskManagement.framework/Versions/A/BackgroundTaskManagement
0x00007fff6c669000 	/usr/lib/libxslt.1.dylib
0x00007fff3ebe4000 	/System/Library/Frameworks/Carbon.framework/Versions/A/Frameworks/Ink.framework/Versions/A/Ink
0x00007fff6784d000 	/System/Library/PrivateFrameworks/TextureIO.framework/Versions/A/TextureIO
0x00007fff69de7000 	/usr/lib/libate.dylib
0x00007fff549ac000 	/System/Library/PrivateFrameworks/CrashReporterSupport.framework/Versions/A/CrashReporterSupport
0x00007fff6486e000 	/System/Library/PrivateFrameworks/Sharing.framework/Versions/A/Sharing
0x00007fff507fc000 	/System/Library/PrivateFrameworks/AuthKit.framework/Versions/A/AuthKit
0x00007fff4fc1f000 	/System/Library/PrivateFrameworks/Apple80211.framework/Versions/A/Apple80211
0x00007fff5476c000 	/System/Library/PrivateFrameworks/CoreUtils.framework/Versions/A/CoreUtils
0x00007fff414af000 	/System/Library/Frameworks/CoreWLAN.framework/Versions/A/CoreWLAN
0x00007fff41f19000 	/System/Library/Frameworks/IOBluetooth.framework/Versions/A/IOBluetooth
0x00007fff62b90000 	/System/Library/PrivateFrameworks/ProtocolBuffer.framework/Versions/A/ProtocolBuffer
0x00007fff5ede3000 	/System/Library/PrivateFrameworks/MobileKeyBag.framework/Versions/A/MobileKeyBag
0x00007fff53f84000 	/System/Library/PrivateFrameworks/CorePhoneNumbers.framework/Versions/A/CorePhoneNumbers
0x00007fff50034000 	/System/Library/PrivateFrameworks/AppleIDAuthSupport.framework/Versions/A/AppleIDAuthSupport
0x00007fff5dcab000 	/System/Library/PrivateFrameworks/KeychainCircle.framework/Versions/A/KeychainCircle
0x00007fff62d5d000 	/System/Library/PrivateFrameworks/ROCKit.framework/Versions/A/ROCKit
0x00007fff54948000 	/System/Library/PrivateFrameworks/CoreWiFi.framework/Versions/A/CoreWiFi
0x00007fff3f153000 	/System/Library/Frameworks/CoreBluetooth.framework/Versions/A/CoreBluetooth
0x00007fff54b9c000 	/System/Library/PrivateFrameworks/DebugSymbols.framework/Versions/A/DebugSymbols
0x00007fff54521000 	/System/Library/PrivateFrameworks/CoreSymbolication.framework/Versions/A/CoreSymbolication
0x00007fff67037000 	/System/Library/PrivateFrameworks/Symbolication.framework/Versions/A/Symbolication
0x00007fff661c9000 	/System/Library/PrivateFrameworks/SpeechRecognitionCore.framework/Versions/A/SpeechRecognitionCore
0x0000000105200000 	/Library/Java/JavaVirtualMachines/adoptopenjdk-14.jdk/Contents/Home/lib/server/libjvm.dylib
0x0000000106057000 	/Library/Java/JavaVirtualMachines/adoptopenjdk-14.jdk/Contents/Home/lib/libjimage.dylib
0x0000000106062000 	/Library/Java/JavaVirtualMachines/adoptopenjdk-14.jdk/Contents/Home/lib/libjdwp.dylib
0x000000010609e000 	/Library/Java/JavaVirtualMachines/adoptopenjdk-14.jdk/Contents/Home/lib/./libjava.dylib
0x00000001060c6000 	/Library/Java/JavaVirtualMachines/adoptopenjdk-14.jdk/Contents/Home/lib/libinstrument.dylib
0x000000010614f000 	/Library/Java/JavaVirtualMachines/adoptopenjdk-14.jdk/Contents/Home/lib/libzip.dylib
0x000000011337e000 	/Library/Java/JavaVirtualMachines/adoptopenjdk-14.jdk/Contents/Home/lib/libdt_socket.dylib
0x0000000113388000 	/Library/Java/JavaVirtualMachines/adoptopenjdk-14.jdk/Contents/Home/lib/libnio.dylib
0x000000011339b000 	/Library/Java/JavaVirtualMachines/adoptopenjdk-14.jdk/Contents/Home/lib/./libnet.dylib
0x000000011343b000 	/Library/Java/JavaVirtualMachines/adoptopenjdk-14.jdk/Contents/Home/lib/libmanagement.dylib
0x0000000113445000 	/Library/Java/JavaVirtualMachines/adoptopenjdk-14.jdk/Contents/Home/lib/libmanagement_ext.dylib
0x0000000113450000 	/Library/Java/JavaVirtualMachines/adoptopenjdk-14.jdk/Contents/Home/lib/libverify.dylib
0x0000000113484000 	/Library/Java/JavaVirtualMachines/adoptopenjdk-14.jdk/Contents/Home/lib/libextnet.dylib


VM Arguments:
jvm_args: -XX:+ShowCodeDetailsInExceptionMessages -agentlib:jdwp=transport=dt_socket,suspend=y,address=localhost:61871 -Dcom.sun.management.jmxremote -Dcom.sun.management.jmxremote.port=61870 -Dcom.sun.management.jmxremote.authenticate=false -Dcom.sun.management.jmxremote.ssl=false -Djava.rmi.server.hostname=localhost -Dspring.jmx.enabled=true -Dspring.application.admin.enabled=true -Djava.security.egd=file:/dev/./urandom -Dtrademark.override=julb.io -XX:TieredStopAtLevel=1 -Dspring.boot.project.name=api-ping -javaagent:/Applications/Eclipse.app/Contents/Eclipse/configuration/org.eclipse.osgi/1351/0/.cp/lib/javaagent-shaded.jar -Dfile.encoding=UTF-8 
java_command: me.julb.Application --logging.level.me.julb=DEBUG --server.port=9096 --spring.profiles.active=LOCAL
java_class_path (initial): /Users/to125002/Projects/Personal/assets/applications/api-ping/bin/main:/Users/to125002/Projects/Personal/assets/applications/api-ping/bin/test:/library-dto-http/bin/default:/Users/to125002/Projects/Personal/assets/libraries/library-dto-http/bin/main:/Users/to125002/Projects/Personal/assets/libraries/library-dto-http/bin/test:/library-utility-constants/bin/default:/Users/to125002/Projects/Personal/assets/libraries/library-utility-constants/bin/main:/Users/to125002/Projects/Personal/assets/libraries/library-utility-constants/bin/test:/library-utility-exception/bin/default:/Users/to125002/Projects/Personal/assets/libraries/library-utility-exception/bin/main:/Users/to125002/Projects/Personal/assets/libraries/library-utility-exception/bin/test:/library-utility-identifier/bin/default:/Users/to125002/Projects/Personal/assets/libraries/library-utility-identifier/bin/main:/Users/to125002/Projects/Personal/assets/libraries/library-utility-identifier/bin/test:/library-logging-logback/bin/default:/Users/to125002/Projects/Personal/assets/libraries/library-logging-logback/bin/main:/Users/to125002/Projects/Personal/assets/libraries/library-logging-logback/bin/test:/spring-boot-starter-mapping/bin/default:/Users/to125002/Projects/Personal/assets/spring-boot-starters/spring-boot-starter-mapping/bin/main:/Users/to125002/Projects/Personal/assets/spring-boot-starters/spring-boot-starter-mapping/bin/test:/spring-boot-starter-validation/bin/default:/Users/to125002/Projects/Personal/assets/spring-boot-starters/spring-boot-starter-validation/bin/main:/Users/to125002/Projects/Personal/assets/spring-boot-starters/spring-boot-starter-validation/bin/test:/library-dto-rssfeed/bin/default:/Users/to125002/Projects/Personal/assets/libraries/library-dto-rssfeed/bin/main:/Users/to125002/Projects/Personal/assets/libraries/library-dto-rssfeed/bin/test:/library-utility-date/bin/default:/Users/to125002/Projects/Personal/assets/libraries/library-utility-date/bin/main:/Users/
Launcher Type: SUN_STANDARD

[Global flags]
     intx CICompilerCount                          = 4                                         {product} {ergonomic}
     uint ConcGCThreads                            = 2                                         {product} {ergonomic}
     uint G1ConcRefinementThreads                  = 8                                         {product} {ergonomic}
   size_t G1HeapRegionSize                         = 1048576                                   {product} {ergonomic}
    uintx GCDrainStackTargetSize                   = 64                                        {product} {ergonomic}
   size_t InitialHeapSize                          = 134217728                                 {product} {ergonomic}
     bool ManagementServer                         = true                                      {product} {command line}
   size_t MarkStackSize                            = 4194304                                   {product} {ergonomic}
   size_t MaxHeapSize                              = 2147483648                                {product} {ergonomic}
   size_t MaxNewSize                               = 1287651328                                {product} {ergonomic}
   size_t MinHeapDeltaBytes                        = 1048576                                   {product} {ergonomic}
   size_t MinHeapSize                              = 8388608                                   {product} {ergonomic}
    uintx NonNMethodCodeHeapSize                   = 7549744                                {pd product} {ergonomic}
    uintx NonProfiledCodeHeapSize                  = 244108496                              {pd product} {ergonomic}
    uintx ProfiledCodeHeapSize                     = 0                                      {pd product} {ergonomic}
    uintx ReservedCodeCacheSize                    = 251658240                              {pd product} {ergonomic}
     bool SegmentedCodeCache                       = true                                      {product} {ergonomic}
     bool ShowCodeDetailsInExceptionMessages       = true                                   {manageable} {command line}
   size_t SoftMaxHeapSize                          = 2147483648                             {manageable} {ergonomic}
     intx TieredStopAtLevel                        = 1                                         {product} {command line}
     bool UseCompressedClassPointers               = true                                 {lp64_product} {ergonomic}
     bool UseCompressedOops                        = true                                 {lp64_product} {ergonomic}
     bool UseG1GC                                  = true                                      {product} {ergonomic}

Logging:
Log output configuration:
 #0: stdout all=warning uptime,level,tags
 #1: stderr all=off uptime,level,tags

Environment Variables:
PATH=/usr/bin:/bin:/usr/sbin:/sbin
SHELL=/bin/zsh

Signal Handlers:
SIGSEGV: [libjvm.dylib+0x7a76b0], sa_mask[0]=11111111011111110111111111111111, sa_flags=SA_ONSTACK|SA_RESTART|SA_SIGINFO
SIGBUS: [libjvm.dylib+0x7a76b0], sa_mask[0]=11111111011111110111111111111111, sa_flags=SA_RESTART|SA_SIGINFO
SIGFPE: [libjvm.dylib+0x7a76b0], sa_mask[0]=11111111011111110111111111111111, sa_flags=SA_RESTART|SA_SIGINFO
SIGPIPE: [libjvm.dylib+0x5f917f], sa_mask[0]=11111111011111110111111111111111, sa_flags=SA_RESTART|SA_SIGINFO
SIGXFSZ: [libjvm.dylib+0x5f917f], sa_mask[0]=11111111011111110111111111111111, sa_flags=SA_RESTART|SA_SIGINFO
SIGILL: [libjvm.dylib+0x7a76b0], sa_mask[0]=11111111011111110111111111111111, sa_flags=SA_RESTART|SA_SIGINFO
SIGUSR2: [libjvm.dylib+0x5f974f], sa_mask[0]=00100000000000000000000000000000, sa_flags=SA_RESTART|SA_SIGINFO
SIGHUP: [libjvm.dylib+0x5f87af], sa_mask[0]=11111111011111110111111111111111, sa_flags=SA_RESTART|SA_SIGINFO
SIGINT: [libjvm.dylib+0x5f87af], sa_mask[0]=11111111011111110111111111111111, sa_flags=SA_RESTART|SA_SIGINFO
SIGTERM: [libjvm.dylib+0x5f87af], sa_mask[0]=11111111011111110111111111111111, sa_flags=SA_RESTART|SA_SIGINFO
SIGQUIT: [libjvm.dylib+0x5f87af], sa_mask[0]=11111111011111110111111111111111, sa_flags=SA_RESTART|SA_SIGINFO


---------------  S Y S T E M  ---------------

OS:uname:Darwin 18.2.0 Darwin Kernel Version 18.2.0: Thu Dec 20 20:46:53 PST 2018; root:xnu-4903.241.1~1/RELEASE_X86_64 x86_64
OS uptime: 33 days 16:33 hours
rlimit: STACK 8192k, CORE 0k, NPROC 709, NOFILE 10240, AS infinity, DATA infinity, FSIZE infinity
load average:2.53 2.12 2.23

CPU:total 8 (initial active 8) (4 cores per cpu, 2 threads per core) family 6 model 142 stepping 10, cmov, cx8, fxsr, mmx, sse, sse2, sse3, ssse3, sse4.1, sse4.2, popcnt, avx, avx2, aes, clmul, erms, 3dnowpref, lzcnt, ht, tsc, tscinvbit, bmi1, bmi2, adx, fma

Memory: 4k page, physical 8388608k(15376k free), swap 3145728k(649984k free)

vm_info: OpenJDK 64-Bit Server VM (14.0.2+12) for bsd-amd64 JRE (14.0.2+12), built on Jul 15 2020 10:01:04 by "jenkins" with clang 4.2.1 Compatible Apple LLVM 10.0.1 (clang-1001.0.46.4)

END.
